2024-07-22 10:18:45.298 [info] Log level: Info
2024-07-22 10:18:45.298 [info] Validating found git in: "git"
2024-07-22 10:18:45.298 [info] Using git "2.45.2" from "git"
2024-07-22 10:18:45.298 [info] > git rev-parse --show-toplevel [4ms]
2024-07-22 10:18:45.298 [info] fatal: not a git repository (or any parent up to mount point /)
Stopping at filesystem boundary (GIT_DISCOVERY_ACROSS_FILESYSTEM not set).
2024-07-22 10:18:45.373 [info] > git rev-parse --show-toplevel [5ms]
2024-07-22 10:18:45.373 [info] fatal: not a git repository (or any parent up to mount point /)
Stopping at filesystem boundary (GIT_DISCOVERY_ACROSS_FILESYSTEM not set).
2024-07-22 10:18:45.379 [info] > git rev-parse --show-toplevel [1ms]
2024-07-22 10:18:45.379 [info] fatal: not a git repository (or any parent up to mount point /)
Stopping at filesystem boundary (GIT_DISCOVERY_ACROSS_FILESYSTEM not set).
2024-07-22 10:18:47.089 [info] > git rev-parse --show-toplevel [2ms]
2024-07-22 10:18:47.089 [info] fatal: not a git repository (or any parent up to mount point /)
Stopping at filesystem boundary (GIT_DISCOVERY_ACROSS_FILESYSTEM not set).
2024-07-22 10:18:50.370 [info] > git rev-parse --show-toplevel [2ms]
2024-07-22 10:18:50.370 [info] fatal: not a git repository (or any parent up to mount point /)
Stopping at filesystem boundary (GIT_DISCOVERY_ACROSS_FILESYSTEM not set).
2024-07-22 10:19:02.007 [info] > git rev-parse --show-toplevel [2ms]
2024-07-22 10:19:02.007 [info] fatal: not a git repository (or any parent up to mount point /)
Stopping at filesystem boundary (GIT_DISCOVERY_ACROSS_FILESYSTEM not set).
2024-07-22 10:19:08.352 [info] > git rev-parse --show-toplevel [2ms]
2024-07-22 10:19:08.352 [info] fatal: not a git repository (or any parent up to mount point /)
Stopping at filesystem boundary (GIT_DISCOVERY_ACROSS_FILESYSTEM not set).
2024-07-22 10:19:42.767 [info] > git rev-parse --show-toplevel [1ms]
2024-07-22 10:19:42.767 [info] fatal: not a git repository (or any parent up to mount point /)
Stopping at filesystem boundary (GIT_DISCOVERY_ACROSS_FILESYSTEM not set).
