2024-07-29 12:09:46.137 [info] Starting TS Server
2024-07-29 12:09:46.137 [info] Using tsserver from: /usr/lib/code/extensions/node_modules/typescript/lib/tsserver.js
2024-07-29 12:09:46.137 [info] <syntax> Forking...
2024-07-29 12:09:46.137 [info] <syntax> Starting...
2024-07-29 12:09:46.137 [info] <semantic> Forking...
2024-07-29 12:09:46.137 [info] <semantic> Starting...
2024-07-29 13:07:50.708 [error] TSServer exited. Code: null. Signal: SIGTERM
2024-07-29 13:07:50.708 [info] Starting TS Server
2024-07-29 13:07:50.708 [info] Not starting server: disposed
2024-07-29 13:07:51.306 [info] Starting TS Server
2024-07-29 13:07:51.306 [info] Using tsserver from: /usr/lib/code/extensions/node_modules/typescript/lib/tsserver.js
2024-07-29 13:07:51.306 [info] <syntax> Forking...
2024-07-29 13:07:51.306 [info] <syntax> Starting...
2024-07-29 13:07:51.306 [info] <semantic> Forking...
2024-07-29 13:07:51.306 [info] <semantic> Starting...
2024-07-29 13:08:45.723 [info] Starting TS Server
2024-07-29 13:08:45.723 [info] Using tsserver from: /usr/lib/code/extensions/node_modules/typescript/lib/tsserver.js
2024-07-29 13:08:45.723 [info] <syntax> Forking...
2024-07-29 13:08:45.723 [info] <syntax> Starting...
2024-07-29 13:08:45.723 [info] <semantic> Forking...
2024-07-29 13:08:45.723 [info] <semantic> Starting...
