2024-07-22 17:05:57.656 [info] Starting TS Server
2024-07-22 17:05:57.656 [info] Using tsserver from: /usr/lib/code/extensions/node_modules/typescript/lib/tsserver.js
2024-07-22 17:05:57.656 [info] <syntax> Forking...
2024-07-22 17:05:57.656 [info] <syntax> Starting...
2024-07-22 17:05:57.656 [info] <semantic> Forking...
2024-07-22 17:05:57.656 [info] <semantic> Starting...
2024-07-22 18:51:50.882 [info] Starting TS Server
2024-07-22 18:51:50.882 [info] Using tsserver from: /usr/lib/code/extensions/node_modules/typescript/lib/tsserver.js
2024-07-22 18:51:50.882 [info] <syntax> Forking...
2024-07-22 18:51:50.882 [info] <syntax> Starting...
2024-07-22 18:51:50.882 [info] <semantic> Forking...
2024-07-22 18:51:50.882 [info] <semantic> Starting...
2024-07-22 19:00:02.063 [info] Starting TS Server
2024-07-22 19:00:02.063 [info] Using tsserver from: /usr/lib/code/extensions/node_modules/typescript/lib/tsserver.js
2024-07-22 19:00:02.063 [info] <syntax> Forking...
2024-07-22 19:00:02.063 [info] <syntax> Starting...
2024-07-22 19:00:02.063 [info] <semantic> Forking...
2024-07-22 19:00:02.063 [info] <semantic> Starting...
2024-07-22 20:23:12.764 [error] TSServer exited. Code: null. Signal: SIGTERM
2024-07-22 20:23:12.764 [info] Starting TS Server
2024-07-22 20:23:12.764 [info] Not starting server: disposed
