2024-07-29 12:09:44.675 [info] Added views:workbench.panel.markers.view in workbench.panel.markers
2024-07-29 12:09:44.675 [info] Added views:workbench.panel.output in workbench.panel.output
2024-07-29 12:09:44.675 [info] Added views:terminal in terminal
2024-07-29 12:09:44.675 [info] Added views:outline in workbench.view.explorer
2024-07-29 12:09:44.675 [info] Added views:workbench.scm in workbench.view.scm
2024-07-29 12:09:44.675 [info] Added views:workbench.view.search in workbench.view.search
2024-07-29 12:09:44.675 [info] Added views:timeline in workbench.view.explorer
2024-07-29 12:09:44.675 [info] Added views:workbench.explorer.fileView in workbench.view.explorer
2024-07-29 12:09:44.973 [info] Added views:workbench.debug.welcome in workbench.view.debug
2024-07-29 12:09:45.431 [info] Added views:thunder-client-sidebar in workbench.view.extension.thunder-client
2024-07-29 12:09:45.557 [info] Added views:workbench.panel.repl.view in workbench.panel.repl
2024-07-29 12:09:46.230 [info] Added views:vscode-pets.petsView in workbench.view.explorer
2024-07-29 12:09:47.020 [info] Added views:~remote.forwardedPorts in ~remote.forwardedPortsContainer
2024-07-29 13:00:40.134 [info] Added views:workbench.views.extensions.installed,workbench.views.extensions.popular,extensions.recommendedList in workbench.view.extensions
2024-07-29 13:00:40.137 [info] Removed views:workbench.views.extensions.popular from workbench.view.extensions
2024-07-29 13:00:47.134 [info] Removed views:extensions.recommendedList,workbench.views.extensions.installed from workbench.view.extensions
2024-07-29 13:00:47.142 [info] Added views:workbench.views.extensions.marketplace in workbench.view.extensions
2024-07-29 13:07:51.004 [info] Removed views:workbench.panel.repl.view from workbench.panel.repl
2024-07-29 13:07:51.059 [info] Added views:workbench.panel.repl.view in workbench.panel.repl
2024-07-29 13:08:45.352 [info] Removed views:workbench.panel.repl.view from workbench.panel.repl
2024-07-29 13:08:45.429 [info] Added views:workbench.panel.repl.view in workbench.panel.repl
2024-07-29 13:08:49.619 [info] Removed views:workbench.views.extensions.marketplace from workbench.view.extensions
2024-07-29 13:08:49.632 [info] Added views:workbench.views.extensions.installed,extensions.recommendedList in workbench.view.extensions
