2024-07-24 17:45:57.936 [info] Log level: Info
2024-07-24 17:45:57.936 [info] Validating found git in: "git"
2024-07-24 17:45:57.936 [info] Using git "2.45.2" from "git"
2024-07-24 17:45:57.936 [info] > git rev-parse --show-toplevel [7ms]
2024-07-24 17:45:57.936 [info] fatal: not a git repository (or any parent up to mount point /)
Stopping at filesystem boundary (GIT_DISCOVERY_ACROSS_FILESYSTEM not set).
2024-07-24 17:45:57.937 [info] > git rev-parse --show-toplevel [2ms]
2024-07-24 17:45:57.937 [info] fatal: not a git repository (or any parent up to mount point /)
Stopping at filesystem boundary (GIT_DISCOVERY_ACROSS_FILESYSTEM not set).
2024-07-24 17:45:57.944 [info] > git rev-parse --show-toplevel [2ms]
2024-07-24 17:45:57.944 [info] fatal: not a git repository (or any parent up to mount point /)
Stopping at filesystem boundary (GIT_DISCOVERY_ACROSS_FILESYSTEM not set).
2024-07-24 17:45:57.950 [info] > git rev-parse --show-toplevel [1ms]
2024-07-24 17:45:57.950 [info] fatal: not a git repository (or any parent up to mount point /)
Stopping at filesystem boundary (GIT_DISCOVERY_ACROSS_FILESYSTEM not set).
2024-07-24 17:45:57.956 [info] > git rev-parse --show-toplevel [1ms]
2024-07-24 17:45:57.956 [info] fatal: not a git repository (or any parent up to mount point /)
Stopping at filesystem boundary (GIT_DISCOVERY_ACROSS_FILESYSTEM not set).
2024-07-24 17:45:59.562 [info] > git rev-parse --show-toplevel [1ms]
2024-07-24 17:45:59.562 [info] fatal: not a git repository (or any parent up to mount point /)
Stopping at filesystem boundary (GIT_DISCOVERY_ACROSS_FILESYSTEM not set).
2024-07-24 17:50:03.375 [info] > git rev-parse --show-toplevel [2ms]
2024-07-24 17:50:03.375 [info] fatal: not a git repository (or any parent up to mount point /)
Stopping at filesystem boundary (GIT_DISCOVERY_ACROSS_FILESYSTEM not set).
2024-07-24 18:38:14.028 [info] > git rev-parse --show-toplevel [1ms]
2024-07-24 18:38:14.028 [info] fatal: not a git repository (or any parent up to mount point /)
Stopping at filesystem boundary (GIT_DISCOVERY_ACROSS_FILESYSTEM not set).
2024-07-24 18:38:14.935 [info] > git rev-parse --show-toplevel [1ms]
2024-07-24 18:38:14.935 [info] fatal: not a git repository (or any parent up to mount point /)
Stopping at filesystem boundary (GIT_DISCOVERY_ACROSS_FILESYSTEM not set).
2024-07-24 18:38:18.572 [info] > git rev-parse --show-toplevel [1ms]
2024-07-24 18:38:18.572 [info] fatal: not a git repository (or any parent up to mount point /)
Stopping at filesystem boundary (GIT_DISCOVERY_ACROSS_FILESYSTEM not set).
2024-07-24 18:38:25.756 [info] > git rev-parse --show-toplevel [2ms]
2024-07-24 18:38:25.756 [info] fatal: not a git repository (or any parent up to mount point /)
Stopping at filesystem boundary (GIT_DISCOVERY_ACROSS_FILESYSTEM not set).
2024-07-24 18:38:26.659 [info] > git rev-parse --show-toplevel [3ms]
2024-07-24 18:38:26.659 [info] fatal: not a git repository (or any parent up to mount point /)
Stopping at filesystem boundary (GIT_DISCOVERY_ACROSS_FILESYSTEM not set).
