2024-07-22 09:47:12.193 [info] Extension host with pid 2133 started
2024-07-22 09:47:12.193 [info] Skipping acquiring lock for /home/younix/.config/Code - OSS/User/workspaceStorage/a6f3fd230b226c67fca8ce86152b11ec.
2024-07-22 09:47:12.310 [info] ExtensionService#_doActivateExtension vscode.git-base, startup: true, activationEvent: '*', root cause: vscode.git
2024-07-22 09:47:12.317 [info] ExtensionService#_doActivateExtension tonybaloney.vscode-pets, startup: true, activationEvent: '*'
2024-07-22 09:47:12.329 [info] ExtensionService#_doActivateExtension vscode.git, startup: true, activationEvent: '*'
2024-07-22 09:47:12.354 [info] ExtensionService#_doActivateExtension vscode.github, startup: true, activationEvent: '*'
2024-07-22 09:47:12.413 [info] Eager extensions activated
2024-07-22 09:47:12.444 [info] ExtensionService#_doActivateExtension vscode.debug-auto-launch, startup: false, activationEvent: 'onStartupFinished'
2024-07-22 09:47:12.447 [info] ExtensionService#_doActivateExtension vscode.merge-conflict, startup: false, activationEvent: 'onStartupFinished'
2024-07-22 09:47:12.454 [info] ExtensionService#_doActivateExtension dbaeumer.vscode-eslint, startup: false, activationEvent: 'onStartupFinished'
2024-07-22 09:47:12.469 [info] ExtensionService#_doActivateExtension sainnhe.gruvbox-material, startup: false, activationEvent: 'onStartupFinished'
2024-07-22 09:47:14.669 [info] ExtensionService#_doActivateExtension vscode.emmet, startup: false, activationEvent: 'onLanguage'
2024-07-22 09:47:17.603 [info] ExtensionService#_doActivateExtension llvm-vs-code-extensions.vscode-clangd, startup: false, activationEvent: 'onLanguage:cpp'
2024-07-22 09:47:25.360 [info] ExtensionService#_doActivateExtension twxs.cmake, startup: false, activationEvent: 'onLanguage:cmake'
2024-07-22 09:59:35.389 [error] [llvm-vs-code-extensions.vscode-clangd] provider FAILED
2024-07-22 09:59:35.389 [error] {"a":true,"b":null}
2024-07-22 09:59:39.358 [info] ExtensionService#_doActivateExtension rangav.vscode-thunder-client, startup: false, activationEvent: 'onView:thunder-client-sidebar'
2024-07-22 09:59:41.224 [info] ExtensionService#_doActivateExtension Vue.volar, startup: false, activationEvent: 'onLanguage:plaintext'
2024-07-22 09:59:41.266 [info] ExtensionService#_doActivateExtension vscode.typescript-language-features, startup: false, activationEvent: 'api', root cause: Vue.volar
2024-07-22 10:04:38.202 [info] ExtensionService#_doActivateExtension vscode.configuration-editing, startup: false, activationEvent: 'onLanguage:jsonc'
2024-07-22 10:04:38.211 [info] ExtensionService#_doActivateExtension vscode.json-language-features, startup: false, activationEvent: 'onLanguage:jsonc'
2024-07-22 10:04:38.251 [error] Error: [ExtensionListenerError] Extension 'tonybaloney.vscode-pets' FAILED to handle event: TypeError: Cannot read properties of undefined (reading 'webview')
	at n.value (/usr/lib/code/out/vs/workbench/api/node/extensionHostProcess.js:164:21021)
	at r.B (/usr/lib/code/out/vs/workbench/api/node/extensionHostProcess.js:83:737)
	at r.C (/usr/lib/code/out/vs/workbench/api/node/extensionHostProcess.js:83:807)
	at r.fire (/usr/lib/code/out/vs/workbench/api/node/extensionHostProcess.js:83:1023)
	at r.$acceptConfigurationChanged (/usr/lib/code/out/vs/workbench/api/node/extensionHostProcess.js:157:48022)
	at /usr/lib/code/out/vs/workbench/api/node/extensionHostProcess.js:157:47566
2024-07-22 10:04:44.760 [error] [llvm-vs-code-extensions.vscode-clangd] provider FAILED
2024-07-22 10:04:44.760 [error] {"a":true,"b":null}
2024-07-22 15:20:33.494 [info] Extension host terminating: renderer closed the MessagePort
2024-07-22 15:20:33.521 [info] Extension host with pid 2133 exiting with code 0
2024-07-22 15:20:34.160 [info] Extension host with pid 12101 started
2024-07-22 15:20:34.160 [info] Skipping acquiring lock for /home/younix/.config/Code - OSS/User/workspaceStorage/a6f3fd230b226c67fca8ce86152b11ec.
2024-07-22 15:20:34.201 [info] ExtensionService#_doActivateExtension vscode.git-base, startup: true, activationEvent: '*', root cause: vscode.git
2024-07-22 15:20:34.204 [info] ExtensionService#_doActivateExtension tonybaloney.vscode-pets, startup: true, activationEvent: '*'
2024-07-22 15:20:34.207 [info] ExtensionService#_doActivateExtension vscode.emmet, startup: false, activationEvent: 'onLanguage'
2024-07-22 15:20:34.213 [info] ExtensionService#_doActivateExtension llvm-vs-code-extensions.vscode-clangd, startup: false, activationEvent: 'onLanguage:cpp'
2024-07-22 15:20:34.256 [info] ExtensionService#_doActivateExtension twxs.cmake, startup: false, activationEvent: 'onLanguage:cmake'
2024-07-22 15:20:34.258 [info] ExtensionService#_doActivateExtension rangav.vscode-thunder-client, startup: false, activationEvent: 'onView:thunder-client-sidebar'
2024-07-22 15:20:34.405 [info] ExtensionService#_doActivateExtension Vue.volar, startup: false, activationEvent: 'onLanguage:plaintext'
2024-07-22 15:20:34.479 [info] ExtensionService#_doActivateExtension vscode.configuration-editing, startup: false, activationEvent: 'onLanguage:jsonc'
2024-07-22 15:20:34.488 [info] ExtensionService#_doActivateExtension vscode.json-language-features, startup: false, activationEvent: 'onLanguage:jsonc'
2024-07-22 15:20:34.511 [info] ExtensionService#_doActivateExtension vscode.typescript-language-features, startup: false, activationEvent: 'onLanguage:jsonc'
2024-07-22 15:20:34.607 [info] ExtensionService#_doActivateExtension vscode.git, startup: true, activationEvent: '*'
2024-07-22 15:20:34.633 [info] ExtensionService#_doActivateExtension vscode.github, startup: true, activationEvent: '*'
2024-07-22 15:20:34.704 [info] Eager extensions activated
2024-07-22 15:20:34.740 [info] ExtensionService#_doActivateExtension vscode.debug-auto-launch, startup: false, activationEvent: 'onStartupFinished'
2024-07-22 15:20:34.743 [info] ExtensionService#_doActivateExtension vscode.merge-conflict, startup: false, activationEvent: 'onStartupFinished'
2024-07-22 15:20:34.755 [info] ExtensionService#_doActivateExtension dbaeumer.vscode-eslint, startup: false, activationEvent: 'onStartupFinished'
2024-07-22 15:20:34.780 [info] ExtensionService#_doActivateExtension sainnhe.gruvbox-material, startup: false, activationEvent: 'onStartupFinished'
2024-07-22 15:20:35.223 [error] [llvm-vs-code-extensions.vscode-clangd] provider FAILED
2024-07-22 15:20:35.223 [error] {"a":true,"b":null}
2024-07-22 15:20:35.224 [error] [llvm-vs-code-extensions.vscode-clangd] provider FAILED
2024-07-22 15:20:35.224 [error] {"a":true,"b":null}
2024-07-22 15:20:35.225 [error] [llvm-vs-code-extensions.vscode-clangd] provider FAILED
2024-07-22 15:20:35.225 [error] {"a":true,"b":null}
2024-07-22 15:21:08.737 [error] Error: [ExtensionListenerError] Extension 'tonybaloney.vscode-pets' FAILED to handle event: TypeError: Cannot read properties of undefined (reading 'webview')
	at n.value (/usr/lib/code/out/vs/workbench/api/node/extensionHostProcess.js:164:21021)
	at r.B (/usr/lib/code/out/vs/workbench/api/node/extensionHostProcess.js:83:737)
	at r.C (/usr/lib/code/out/vs/workbench/api/node/extensionHostProcess.js:83:807)
	at r.fire (/usr/lib/code/out/vs/workbench/api/node/extensionHostProcess.js:83:1023)
	at r.$acceptConfigurationChanged (/usr/lib/code/out/vs/workbench/api/node/extensionHostProcess.js:157:48022)
	at /usr/lib/code/out/vs/workbench/api/node/extensionHostProcess.js:157:47566
2024-07-22 15:28:18.404 [info] Extension host terminating: renderer closed the MessagePort
2024-07-22 15:28:18.421 [info] Extension host with pid 12101 exiting with code 0
