2024-07-22 17:05:56.163 [info] Added views:workbench.panel.markers.view in workbench.panel.markers
2024-07-22 17:05:56.163 [info] Added views:workbench.panel.output in workbench.panel.output
2024-07-22 17:05:56.163 [info] Added views:terminal in terminal
2024-07-22 17:05:56.163 [info] Added views:outline in workbench.view.explorer
2024-07-22 17:05:56.163 [info] Added views:workbench.scm in workbench.view.scm
2024-07-22 17:05:56.163 [info] Added views:workbench.view.search in workbench.view.search
2024-07-22 17:05:56.163 [info] Added views:timeline in workbench.view.explorer
2024-07-22 17:05:56.163 [info] Added views:workbench.explorer.fileView in workbench.view.explorer
2024-07-22 17:05:56.467 [info] Added views:workbench.debug.welcome in workbench.view.debug
2024-07-22 17:05:57.108 [info] Added views:thunder-client-sidebar in workbench.view.extension.thunder-client
2024-07-22 17:05:57.314 [info] Added views:workbench.panel.repl.view in workbench.panel.repl
2024-07-22 17:05:57.900 [info] Added views:vscode-pets.petsView in workbench.view.explorer
2024-07-22 17:06:01.692 [info] Added views:~remote.forwardedPorts in ~remote.forwardedPortsContainer
2024-07-22 18:51:48.732 [info] Added views:workbench.panel.markers.view in workbench.panel.markers
2024-07-22 18:51:48.732 [info] Added views:workbench.panel.output in workbench.panel.output
2024-07-22 18:51:48.732 [info] Added views:terminal in terminal
2024-07-22 18:51:48.732 [info] Added views:outline in workbench.view.explorer
2024-07-22 18:51:48.732 [info] Added views:workbench.scm in workbench.view.scm
2024-07-22 18:51:48.732 [info] Added views:workbench.view.search in workbench.view.search
2024-07-22 18:51:48.732 [info] Added views:timeline in workbench.view.explorer
2024-07-22 18:51:48.732 [info] Added views:workbench.explorer.fileView in workbench.view.explorer
2024-07-22 18:51:49.308 [info] Added views:thunder-client-sidebar in workbench.view.extension.thunder-client
2024-07-22 18:51:49.389 [info] Added views:workbench.debug.welcome in workbench.view.debug
2024-07-22 18:51:49.607 [info] Added views:workbench.panel.repl.view in workbench.panel.repl
2024-07-22 18:51:49.720 [info] Added views:vscode-pets.petsView in workbench.view.explorer
2024-07-22 18:51:52.567 [info] Added views:~remote.forwardedPorts in ~remote.forwardedPortsContainer
2024-07-22 18:59:59.188 [info] Added views:workbench.panel.markers.view in workbench.panel.markers
2024-07-22 18:59:59.188 [info] Added views:workbench.panel.output in workbench.panel.output
2024-07-22 18:59:59.188 [info] Added views:terminal in terminal
2024-07-22 18:59:59.188 [info] Added views:outline in workbench.view.explorer
2024-07-22 18:59:59.188 [info] Added views:workbench.scm in workbench.view.scm
2024-07-22 18:59:59.188 [info] Added views:workbench.view.search in workbench.view.search
2024-07-22 18:59:59.188 [info] Added views:timeline in workbench.view.explorer
2024-07-22 18:59:59.188 [info] Added views:workbench.explorer.fileView in workbench.view.explorer
2024-07-22 18:59:59.744 [info] Added views:thunder-client-sidebar in workbench.view.extension.thunder-client
2024-07-22 19:00:00.002 [info] Added views:workbench.debug.welcome in workbench.view.debug
2024-07-22 19:00:00.065 [info] Added views:workbench.panel.repl.view in workbench.panel.repl
2024-07-22 19:00:00.362 [info] Added views:vscode-pets.petsView in workbench.view.explorer
2024-07-22 19:00:01.392 [info] Added views:~remote.forwardedPorts in ~remote.forwardedPortsContainer
