2024-07-30 12:08:06.629 [info] Log level: Info
2024-07-30 12:08:06.629 [info] Validating found git in: "git"
2024-07-30 12:08:06.629 [info] Using git "2.45.2" from "git"
2024-07-30 12:08:06.629 [info] > git rev-parse --show-toplevel [4ms]
2024-07-30 12:08:06.629 [info] fatal: not a git repository (or any parent up to mount point /)
Stopping at filesystem boundary (GIT_DISCOVERY_ACROSS_FILESYSTEM not set).
2024-07-30 12:08:06.629 [info] > git rev-parse --show-toplevel [33ms]
2024-07-30 12:08:06.629 [info] fatal: not a git repository (or any parent up to mount point /)
Stopping at filesystem boundary (GIT_DISCOVERY_ACROSS_FILESYSTEM not set).
2024-07-30 12:08:06.757 [info] > git rev-parse --show-toplevel [112ms]
2024-07-30 12:08:06.757 [info] fatal: not a git repository (or any parent up to mount point /)
Stopping at filesystem boundary (GIT_DISCOVERY_ACROSS_FILESYSTEM not set).
2024-07-30 12:08:06.816 [info] > git rev-parse --show-toplevel [41ms]
2024-07-30 12:08:06.817 [info] fatal: not a git repository (or any parent up to mount point /)
Stopping at filesystem boundary (GIT_DISCOVERY_ACROSS_FILESYSTEM not set).
2024-07-30 12:08:06.847 [info] > git rev-parse --show-toplevel [14ms]
2024-07-30 12:08:06.847 [info] fatal: not a git repository (or any parent up to mount point /)
Stopping at filesystem boundary (GIT_DISCOVERY_ACROSS_FILESYSTEM not set).
2024-07-30 12:08:06.872 [info] > git rev-parse --show-toplevel [6ms]
2024-07-30 12:08:06.872 [info] fatal: not a git repository (or any parent up to mount point /)
Stopping at filesystem boundary (GIT_DISCOVERY_ACROSS_FILESYSTEM not set).
2024-07-30 12:08:07.003 [info] > git rev-parse --show-toplevel [2ms]
2024-07-30 12:08:07.003 [info] fatal: not a git repository (or any parent up to mount point /)
Stopping at filesystem boundary (GIT_DISCOVERY_ACROSS_FILESYSTEM not set).
2024-07-30 12:08:07.896 [info] > git rev-parse --show-toplevel [4ms]
2024-07-30 12:08:07.896 [info] fatal: not a git repository (or any parent up to mount point /)
Stopping at filesystem boundary (GIT_DISCOVERY_ACROSS_FILESYSTEM not set).
2024-07-30 12:44:48.603 [info] > git rev-parse --show-toplevel [7ms]
2024-07-30 12:44:48.603 [info] fatal: not a git repository (or any parent up to mount point /)
Stopping at filesystem boundary (GIT_DISCOVERY_ACROSS_FILESYSTEM not set).
2024-07-30 12:44:49.671 [info] > git rev-parse --show-toplevel [1ms]
2024-07-30 12:44:49.671 [info] fatal: not a git repository (or any parent up to mount point /)
Stopping at filesystem boundary (GIT_DISCOVERY_ACROSS_FILESYSTEM not set).
2024-07-30 12:44:50.568 [info] > git rev-parse --show-toplevel [3ms]
2024-07-30 12:44:50.568 [info] fatal: not a git repository (or any parent up to mount point /)
Stopping at filesystem boundary (GIT_DISCOVERY_ACROSS_FILESYSTEM not set).
2024-07-30 12:48:48.933 [info] > git rev-parse --show-toplevel [6ms]
2024-07-30 12:48:48.933 [info] fatal: not a git repository (or any parent up to mount point /)
Stopping at filesystem boundary (GIT_DISCOVERY_ACROSS_FILESYSTEM not set).
2024-07-30 12:48:49.632 [info] > git rev-parse --show-toplevel [4ms]
2024-07-30 12:48:49.632 [info] fatal: not a git repository (or any parent up to mount point /)
Stopping at filesystem boundary (GIT_DISCOVERY_ACROSS_FILESYSTEM not set).
2024-07-30 12:48:50.229 [info] > git rev-parse --show-toplevel [5ms]
2024-07-30 12:48:50.230 [info] fatal: not a git repository (or any parent up to mount point /)
Stopping at filesystem boundary (GIT_DISCOVERY_ACROSS_FILESYSTEM not set).
2024-07-30 12:48:50.804 [info] > git rev-parse --show-toplevel [8ms]
2024-07-30 12:48:50.804 [info] fatal: not a git repository (or any parent up to mount point /)
Stopping at filesystem boundary (GIT_DISCOVERY_ACROSS_FILESYSTEM not set).
2024-07-30 13:04:29.270 [info] > git rev-parse --show-toplevel [5ms]
2024-07-30 13:04:29.270 [info] fatal: not a git repository (or any parent up to mount point /)
Stopping at filesystem boundary (GIT_DISCOVERY_ACROSS_FILESYSTEM not set).
2024-07-30 13:04:30.069 [info] > git rev-parse --show-toplevel [5ms]
2024-07-30 13:04:30.070 [info] fatal: not a git repository (or any parent up to mount point /)
Stopping at filesystem boundary (GIT_DISCOVERY_ACROSS_FILESYSTEM not set).
2024-07-30 13:04:30.704 [info] > git rev-parse --show-toplevel [4ms]
2024-07-30 13:04:30.704 [info] fatal: not a git repository (or any parent up to mount point /)
Stopping at filesystem boundary (GIT_DISCOVERY_ACROSS_FILESYSTEM not set).
2024-07-30 13:04:31.330 [info] > git rev-parse --show-toplevel [8ms]
2024-07-30 13:04:31.330 [info] fatal: not a git repository (or any parent up to mount point /)
Stopping at filesystem boundary (GIT_DISCOVERY_ACROSS_FILESYSTEM not set).
2024-07-30 13:05:37.859 [info] > git rev-parse --show-toplevel [4ms]
2024-07-30 13:05:37.859 [info] fatal: not a git repository (or any parent up to mount point /)
Stopping at filesystem boundary (GIT_DISCOVERY_ACROSS_FILESYSTEM not set).
2024-07-30 13:05:38.501 [info] > git rev-parse --show-toplevel [3ms]
2024-07-30 13:05:38.501 [info] fatal: not a git repository (or any parent up to mount point /)
Stopping at filesystem boundary (GIT_DISCOVERY_ACROSS_FILESYSTEM not set).
2024-07-30 13:05:50.318 [info] > git rev-parse --show-toplevel [5ms]
2024-07-30 13:05:50.318 [info] fatal: not a git repository (or any parent up to mount point /)
Stopping at filesystem boundary (GIT_DISCOVERY_ACROSS_FILESYSTEM not set).
2024-07-30 13:05:53.234 [info] > git rev-parse --show-toplevel [6ms]
2024-07-30 13:05:53.234 [info] fatal: not a git repository (or any parent up to mount point /)
Stopping at filesystem boundary (GIT_DISCOVERY_ACROSS_FILESYSTEM not set).
2024-07-30 13:56:40.688 [info] > git rev-parse --show-toplevel [4ms]
2024-07-30 13:56:40.688 [info] fatal: not a git repository (or any parent up to mount point /)
Stopping at filesystem boundary (GIT_DISCOVERY_ACROSS_FILESYSTEM not set).
2024-07-30 13:56:41.867 [info] > git rev-parse --show-toplevel [2ms]
2024-07-30 13:56:41.867 [info] fatal: not a git repository (or any parent up to mount point /)
Stopping at filesystem boundary (GIT_DISCOVERY_ACROSS_FILESYSTEM not set).
2024-07-30 13:56:42.708 [info] > git rev-parse --show-toplevel [5ms]
2024-07-30 13:56:42.708 [info] fatal: not a git repository (or any parent up to mount point /)
Stopping at filesystem boundary (GIT_DISCOVERY_ACROSS_FILESYSTEM not set).
2024-07-30 13:57:28.726 [info] > git rev-parse --show-toplevel [3ms]
2024-07-30 13:57:28.726 [info] fatal: not a git repository (or any parent up to mount point /)
Stopping at filesystem boundary (GIT_DISCOVERY_ACROSS_FILESYSTEM not set).
2024-07-30 13:57:31.117 [info] > git rev-parse --show-toplevel [3ms]
2024-07-30 13:57:31.117 [info] fatal: not a git repository (or any parent up to mount point /)
Stopping at filesystem boundary (GIT_DISCOVERY_ACROSS_FILESYSTEM not set).
2024-07-30 13:57:40.904 [info] > git rev-parse --show-toplevel [6ms]
2024-07-30 13:57:40.904 [info] fatal: not a git repository (or any parent up to mount point /)
Stopping at filesystem boundary (GIT_DISCOVERY_ACROSS_FILESYSTEM not set).
2024-07-30 13:58:51.722 [info] > git rev-parse --show-toplevel [2ms]
2024-07-30 13:58:51.722 [info] fatal: not a git repository (or any parent up to mount point /)
Stopping at filesystem boundary (GIT_DISCOVERY_ACROSS_FILESYSTEM not set).
2024-07-30 13:58:52.423 [info] > git rev-parse --show-toplevel [3ms]
2024-07-30 13:58:52.423 [info] fatal: not a git repository (or any parent up to mount point /)
Stopping at filesystem boundary (GIT_DISCOVERY_ACROSS_FILESYSTEM not set).
2024-07-30 13:58:53.197 [info] > git rev-parse --show-toplevel [3ms]
2024-07-30 13:58:53.197 [info] fatal: not a git repository (or any parent up to mount point /)
Stopping at filesystem boundary (GIT_DISCOVERY_ACROSS_FILESYSTEM not set).
2024-07-30 13:58:53.886 [info] > git rev-parse --show-toplevel [6ms]
2024-07-30 13:58:53.886 [info] fatal: not a git repository (or any parent up to mount point /)
Stopping at filesystem boundary (GIT_DISCOVERY_ACROSS_FILESYSTEM not set).
2024-07-30 14:00:37.064 [info] > git rev-parse --show-toplevel [3ms]
2024-07-30 14:00:37.064 [info] fatal: not a git repository (or any parent up to mount point /)
Stopping at filesystem boundary (GIT_DISCOVERY_ACROSS_FILESYSTEM not set).
2024-07-30 14:00:37.710 [info] > git rev-parse --show-toplevel [3ms]
2024-07-30 14:00:37.710 [info] fatal: not a git repository (or any parent up to mount point /)
Stopping at filesystem boundary (GIT_DISCOVERY_ACROSS_FILESYSTEM not set).
2024-07-30 14:00:38.310 [info] > git rev-parse --show-toplevel [4ms]
2024-07-30 14:00:38.311 [info] fatal: not a git repository (or any parent up to mount point /)
Stopping at filesystem boundary (GIT_DISCOVERY_ACROSS_FILESYSTEM not set).
