2024-07-30 16:08:16.337 [info] Log level: Info
2024-07-30 16:08:16.337 [info] Validating found git in: "git"
2024-07-30 16:08:16.337 [info] Using git "2.46.0" from "git"
2024-07-30 16:08:16.337 [info] > git rev-parse --show-toplevel [4ms]
2024-07-30 16:08:16.337 [info] > git rev-parse --git-dir --git-common-dir [2ms]
2024-07-30 16:08:16.337 [info] Open repository: /home/younix/Downloads/dotfiles-kde
2024-07-30 16:08:16.338 [info] > git rev-parse --show-toplevel [4ms]
2024-07-30 16:08:16.339 [info] > git config --get commit.template [7ms]
2024-07-30 16:08:16.349 [info] > git rev-parse --show-toplevel [5ms]
2024-07-30 16:08:16.353 [info] > git for-each-ref --format=%(refname)%00%(upstream:short)%00%(objectname)%00%(upstream:track)%00%(upstream:remotename)%00%(upstream:remoteref) refs/heads/main refs/remotes/main [6ms]
2024-07-30 16:08:16.741 [info] > git status -z -uall [383ms]
2024-07-30 16:08:16.759 [info] > git for-each-ref --format=%(refname)%00%(upstream:short)%00%(objectname)%00%(upstream:track)%00%(upstream:remotename)%00%(upstream:remoteref) refs/heads/main refs/remotes/main [9ms]
2024-07-30 16:08:16.766 [info] > git config --local branch.main.vscode-merge-base [2ms]
2024-07-30 16:08:16.766 [warning] git config failed: Failed to execute git
2024-07-30 16:08:16.770 [info] > git config --get commit.template [11ms]
2024-07-30 16:08:16.809 [info] > git reflog main --grep-reflog=branch: Created from *. [39ms]
2024-07-30 16:08:16.815 [info] > git symbolic-ref --short refs/remotes/origin/HEAD [3ms]
2024-07-30 16:08:16.820 [info] > git for-each-ref --format=%(refname)%00%(upstream:short)%00%(objectname)%00%(upstream:track)%00%(upstream:remotename)%00%(upstream:remoteref) refs/heads/main refs/remotes/main [12ms]
2024-07-30 16:08:16.822 [info] > git for-each-ref --format=%(refname)%00%(upstream:short)%00%(objectname)%00%(upstream:track)%00%(upstream:remotename)%00%(upstream:remoteref) refs/heads/origin/main refs/remotes/origin/main [2ms]
2024-07-30 16:08:16.831 [info] > git config --local branch.main.vscode-merge-base origin/main [6ms]
2024-07-30 16:08:16.839 [info] > git status -z -uall [10ms] (cancelled)
2024-07-30 16:08:16.846 [info] > git config --get commit.template [8ms]
2024-07-30 16:08:16.852 [info] > git for-each-ref --format=%(refname)%00%(upstream:short)%00%(objectname)%00%(upstream:track)%00%(upstream:remotename)%00%(upstream:remoteref) refs/heads/main refs/remotes/main [1ms]
2024-07-30 16:08:16.994 [info] > git check-ignore -v -z --stdin [149ms]
2024-07-30 16:08:17.190 [info] > git status -z -uall [333ms]
2024-07-30 16:08:17.204 [info] > git for-each-ref --format=%(refname)%00%(upstream:short)%00%(objectname)%00%(upstream:track)%00%(upstream:remotename)%00%(upstream:remoteref) refs/heads/main refs/remotes/main [8ms]
2024-07-30 16:08:17.211 [info] > git config --local branch.main.vscode-merge-base [2ms]
2024-07-30 16:08:17.216 [info] > git merge-base refs/heads/main refs/remotes/origin/main [13ms]
2024-07-30 16:08:17.222 [info] > git for-each-ref --format=%(refname)%00%(upstream:short)%00%(objectname)%00%(upstream:track)%00%(upstream:remotename)%00%(upstream:remoteref) refs/heads/origin/main refs/remotes/origin/main [6ms]
2024-07-30 16:08:17.224 [info] > git rev-list --count --left-right refs/heads/main...refs/remotes/origin/main [3ms]
2024-07-30 16:08:17.231 [info] > git diff --name-status -z --diff-filter=ADMR 89e3e8e080c46aa67fa8942aa0964863db56bd50...refs/remotes/origin/main [2ms]
2024-07-30 16:08:30.606 [info] > git show --textconv :install.sh [39ms]
2024-07-30 16:08:30.619 [info] > git ls-files --stage -- /home/younix/Downloads/dotfiles-kde/install.sh [45ms]
2024-07-30 16:08:30.625 [info] > git cat-file -s deab774db0ca04dd6883cf14d38b3844d291bd4c [2ms]
2024-07-30 16:09:14.687 [info] > git config --get commit.template [2ms]
2024-07-30 16:09:14.694 [info] > git for-each-ref --format=%(refname)%00%(upstream:short)%00%(objectname)%00%(upstream:track)%00%(upstream:remotename)%00%(upstream:remoteref) refs/heads/main refs/remotes/main [2ms]
2024-07-30 16:09:14.999 [info] > git status -z -uall [299ms]
2024-07-30 16:09:15.014 [info] > git for-each-ref --format=%(refname)%00%(upstream:short)%00%(objectname)%00%(upstream:track)%00%(upstream:remotename)%00%(upstream:remoteref) refs/heads/main refs/remotes/main [6ms]
2024-07-30 16:09:15.026 [info] > git config --local branch.main.vscode-merge-base [4ms]
2024-07-30 16:09:15.031 [info] > git for-each-ref --format=%(refname)%00%(upstream:short)%00%(objectname)%00%(upstream:track)%00%(upstream:remotename)%00%(upstream:remoteref) refs/heads/origin/main refs/remotes/origin/main [2ms]
2024-07-30 16:09:42.594 [info] > git show --textconv :install.sh [20ms]
2024-07-30 16:09:42.618 [info] > git ls-files --stage -- /home/younix/Downloads/dotfiles-kde/install.sh [36ms]
2024-07-30 16:09:42.625 [info] > git cat-file -s deab774db0ca04dd6883cf14d38b3844d291bd4c [2ms]
2024-07-30 16:09:46.878 [info] > git config --get commit.template [5ms]
2024-07-30 16:09:46.878 [info] > git for-each-ref --format=%(refname)%00%(upstream:short)%00%(objectname)%00%(upstream:track)%00%(upstream:remotename)%00%(upstream:remoteref) refs/heads/main refs/remotes/main [1ms]
2024-07-30 16:09:47.226 [info] > git status -z -uall [344ms]
2024-07-30 16:09:47.235 [info] > git for-each-ref --format=%(refname)%00%(upstream:short)%00%(objectname)%00%(upstream:track)%00%(upstream:remotename)%00%(upstream:remoteref) refs/heads/main refs/remotes/main [3ms]
2024-07-30 16:09:47.244 [info] > git config --local branch.main.vscode-merge-base [4ms]
2024-07-30 16:09:47.251 [info] > git for-each-ref --format=%(refname)%00%(upstream:short)%00%(objectname)%00%(upstream:track)%00%(upstream:remotename)%00%(upstream:remoteref) refs/heads/origin/main refs/remotes/origin/main [2ms]
2024-07-30 16:10:55.401 [info] > git config --get commit.template [1ms]
2024-07-30 16:10:55.409 [info] > git for-each-ref --format=%(refname)%00%(upstream:short)%00%(objectname)%00%(upstream:track)%00%(upstream:remotename)%00%(upstream:remoteref) refs/heads/main refs/remotes/main [1ms]
2024-07-30 16:10:55.744 [info] > git status -z -uall [328ms]
2024-07-30 16:10:55.752 [info] > git for-each-ref --format=%(refname)%00%(upstream:short)%00%(objectname)%00%(upstream:track)%00%(upstream:remotename)%00%(upstream:remoteref) refs/heads/main refs/remotes/main [2ms]
2024-07-30 16:10:55.759 [info] > git config --local branch.main.vscode-merge-base [2ms]
2024-07-30 16:10:55.768 [info] > git for-each-ref --format=%(refname)%00%(upstream:short)%00%(objectname)%00%(upstream:track)%00%(upstream:remotename)%00%(upstream:remoteref) refs/heads/origin/main refs/remotes/origin/main [2ms]
2024-07-30 16:11:00.774 [info] > git config --get commit.template [8ms]
2024-07-30 16:11:00.775 [info] > git for-each-ref --format=%(refname)%00%(upstream:short)%00%(objectname)%00%(upstream:track)%00%(upstream:remotename)%00%(upstream:remoteref) refs/heads/main refs/remotes/main [2ms]
2024-07-30 16:11:01.077 [info] > git status -z -uall [295ms]
2024-07-30 16:11:01.087 [info] > git for-each-ref --format=%(refname)%00%(upstream:short)%00%(objectname)%00%(upstream:track)%00%(upstream:remotename)%00%(upstream:remoteref) refs/heads/main refs/remotes/main [2ms]
2024-07-30 16:11:01.094 [info] > git config --local branch.main.vscode-merge-base [2ms]
2024-07-30 16:11:01.100 [info] > git for-each-ref --format=%(refname)%00%(upstream:short)%00%(objectname)%00%(upstream:track)%00%(upstream:remotename)%00%(upstream:remoteref) refs/heads/origin/main refs/remotes/origin/main [1ms]
2024-07-30 16:20:49.823 [info] > git config --get commit.template [6ms]
2024-07-30 16:20:49.831 [info] > git for-each-ref --format=%(refname)%00%(upstream:short)%00%(objectname)%00%(upstream:track)%00%(upstream:remotename)%00%(upstream:remoteref) refs/heads/main refs/remotes/main [1ms]
2024-07-30 16:20:49.855 [info] > git ls-files --stage -- /home/younix/Downloads/dotfiles-kde/install.sh [32ms]
2024-07-30 16:20:49.863 [info] > git cat-file -s 2f11bb4dad586b9f182222ea0d11fc86409a2c9b [2ms]
2024-07-30 16:20:49.939 [info] > git show --textconv :install.sh [22ms]
2024-07-30 16:20:50.148 [info] > git status -z -uall [311ms]
2024-07-30 16:20:50.155 [info] > git for-each-ref --format=%(refname)%00%(upstream:short)%00%(objectname)%00%(upstream:track)%00%(upstream:remotename)%00%(upstream:remoteref) refs/heads/main refs/remotes/main [2ms]
2024-07-30 16:20:50.161 [info] > git config --local branch.main.vscode-merge-base [2ms]
2024-07-30 16:20:50.168 [info] > git for-each-ref --format=%(refname)%00%(upstream:short)%00%(objectname)%00%(upstream:track)%00%(upstream:remotename)%00%(upstream:remoteref) refs/heads/origin/main refs/remotes/origin/main [1ms]
2024-07-30 16:20:50.175 [info] > git merge-base refs/heads/main refs/remotes/origin/main [1ms]
2024-07-30 16:20:50.182 [info] > git rev-list --count --left-right refs/heads/main...refs/remotes/origin/main [1ms]
2024-07-30 16:20:50.190 [info] > git diff --name-status -z --diff-filter=ADMR 89e3e8e080c46aa67fa8942aa0964863db56bd50...refs/remotes/origin/main [1ms]
2024-07-30 16:21:17.316 [info] > git config --get commit.template [8ms]
2024-07-30 16:21:17.318 [info] > git for-each-ref --format=%(refname)%00%(upstream:short)%00%(objectname)%00%(upstream:track)%00%(upstream:remotename)%00%(upstream:remoteref) refs/heads/main refs/remotes/main [2ms]
2024-07-30 16:21:17.634 [info] > git status -z -uall [311ms]
2024-07-30 16:21:17.642 [info] > git for-each-ref --format=%(refname)%00%(upstream:short)%00%(objectname)%00%(upstream:track)%00%(upstream:remotename)%00%(upstream:remoteref) refs/heads/main refs/remotes/main [2ms]
2024-07-30 16:21:17.649 [info] > git config --local branch.main.vscode-merge-base [1ms]
2024-07-30 16:21:17.656 [info] > git for-each-ref --format=%(refname)%00%(upstream:short)%00%(objectname)%00%(upstream:track)%00%(upstream:remotename)%00%(upstream:remoteref) refs/heads/origin/main refs/remotes/origin/main [1ms]
2024-07-30 16:27:03.070 [info] > git check-ignore -v -z --stdin [246ms]
2024-07-31 12:04:56.087 [info] > git check-ignore -v -z --stdin [72ms]
2024-07-31 12:07:33.344 [info] > git check-ignore -v -z --stdin [103ms]
2024-07-31 12:07:39.351 [info] > git show --textconv :.zshrc [36ms]
2024-07-31 12:07:39.381 [info] > git ls-files --stage -- /home/younix/Downloads/dotfiles-kde/.zshrc [56ms]
2024-07-31 12:07:39.392 [info] > git cat-file -s 6b54597d686f4aee69a5ffd28899d2d1f641bc82 [3ms]
2024-07-31 12:07:40.510 [info] > git check-ignore -v -z --stdin [141ms]
2024-07-31 12:07:41.864 [info] > git show --textconv :install.sh [40ms]
2024-07-31 12:07:41.889 [info] > git ls-files --stage -- /home/younix/Downloads/dotfiles-kde/install.sh [56ms]
2024-07-31 12:07:41.899 [info] > git cat-file -s 2f11bb4dad586b9f182222ea0d11fc86409a2c9b [2ms]
2024-07-31 12:08:34.466 [info] > git check-ignore -v -z --stdin [124ms]
2024-07-31 12:08:35.622 [info] > git check-ignore -v -z --stdin [76ms]
2024-07-31 12:08:36.868 [info] > git check-ignore -v -z --stdin [83ms]
2024-07-31 12:08:39.897 [info] > git check-ignore -v -z --stdin [73ms]
2024-07-31 12:08:41.222 [info] > git check-ignore -v -z --stdin [138ms]
2024-07-31 12:09:37.085 [info] > git check-ignore -v -z --stdin [574ms]
2024-07-31 12:14:18.246 [info] > git check-ignore -v -z --stdin [97ms]
2024-07-31 12:14:21.435 [info] > git show --textconv :.config/Code - OSS/User/settings.json [39ms]
2024-07-31 12:14:21.467 [info] > git ls-files --stage -- /home/younix/Downloads/dotfiles-kde/.config/Code - OSS/User/settings.json [42ms]
2024-07-31 12:14:21.477 [info] > git cat-file -s 604597f2bf5a581adca00ff2a39474adbc921bc0 [1ms]
2024-07-31 12:24:04.763 [info] > git check-ignore -v -z --stdin [149ms]
2024-07-31 12:24:06.368 [info] > git check-ignore -v -z --stdin [92ms]
2024-07-31 12:30:27.320 [info] > git config --get commit.template [2ms]
2024-07-31 12:30:27.332 [info] > git for-each-ref --format=%(refname)%00%(upstream:short)%00%(objectname)%00%(upstream:track)%00%(upstream:remotename)%00%(upstream:remoteref) refs/heads/main refs/remotes/main [2ms]
2024-07-31 12:30:27.341 [warning] ENOENT: no such file or directory, open '/home/younix/Downloads/dotfiles-kde/.git/refs/remotes/origin/main'
2024-07-31 12:30:27.342 [info] > git rev-parse refs/remotes/origin/main [2ms]
2024-07-31 12:30:27.840 [info] > git status -z -uall [491ms]
2024-07-31 12:30:27.859 [info] > git for-each-ref --format=%(refname)%00%(upstream:short)%00%(objectname)%00%(upstream:track)%00%(upstream:remotename)%00%(upstream:remoteref) refs/heads/main refs/remotes/main [8ms]
2024-07-31 12:30:27.869 [info] > git config --local branch.main.vscode-merge-base [1ms]
2024-07-31 12:30:27.869 [warning] git config failed: Failed to execute git
2024-07-31 12:30:27.879 [info] > git reflog main --grep-reflog=branch: Created from *. [1ms]
2024-07-31 12:30:27.888 [info] > git symbolic-ref --short refs/remotes/origin/HEAD [2ms]
2024-07-31 12:30:27.898 [info] > git for-each-ref --format=%(refname)%00%(upstream:short)%00%(objectname)%00%(upstream:track)%00%(upstream:remotename)%00%(upstream:remoteref) refs/heads/origin/main refs/remotes/origin/main [2ms]
2024-07-31 12:30:27.909 [info] > git config --local branch.main.vscode-merge-base origin/main [3ms]
2024-07-31 12:30:27.928 [info] > git config --get commit.template [10ms]
2024-07-31 12:30:27.929 [info] > git for-each-ref --format=%(refname)%00%(upstream:short)%00%(objectname)%00%(upstream:track)%00%(upstream:remotename)%00%(upstream:remoteref) refs/heads/main refs/remotes/main [2ms]
2024-07-31 12:30:27.937 [warning] ENOENT: no such file or directory, open '/home/younix/Downloads/dotfiles-kde/.git/refs/remotes/origin/main'
2024-07-31 12:30:27.939 [info] > git rev-parse refs/remotes/origin/main [1ms]
2024-07-31 12:30:28.428 [info] > git status -z -uall [482ms]
2024-07-31 12:30:28.449 [info] > git for-each-ref --format=%(refname)%00%(upstream:short)%00%(objectname)%00%(upstream:track)%00%(upstream:remotename)%00%(upstream:remoteref) refs/heads/main refs/remotes/main [11ms]
2024-07-31 12:30:28.457 [info] > git config --local branch.main.vscode-merge-base [1ms]
2024-07-31 12:30:28.464 [info] > git merge-base refs/heads/main refs/remotes/origin/main [16ms]
2024-07-31 12:30:28.472 [info] > git for-each-ref --format=%(refname)%00%(upstream:short)%00%(objectname)%00%(upstream:track)%00%(upstream:remotename)%00%(upstream:remoteref) refs/heads/origin/main refs/remotes/origin/main [8ms]
2024-07-31 12:30:28.472 [info] > git rev-list --count --left-right refs/heads/main...refs/remotes/origin/main [2ms]
2024-07-31 12:30:28.480 [info] > git diff --name-status -z --diff-filter=ADMR 89e3e8e080c46aa67fa8942aa0964863db56bd50...refs/remotes/origin/main [2ms]
2024-07-31 12:30:28.805 [info] > git show --textconv :install.sh [34ms]
2024-07-31 12:30:28.829 [info] > git ls-files --stage -- /home/younix/Downloads/dotfiles-kde/install.sh [50ms]
2024-07-31 12:30:28.839 [info] > git cat-file -s deab774db0ca04dd6883cf14d38b3844d291bd4c [2ms]
2024-07-31 12:30:35.644 [info] > git config --get commit.template [11ms]
2024-07-31 12:30:35.645 [info] > git for-each-ref --format=%(refname)%00%(upstream:short)%00%(objectname)%00%(upstream:track)%00%(upstream:remotename)%00%(upstream:remoteref) refs/heads/main refs/remotes/main [2ms]
2024-07-31 12:30:35.656 [warning] ENOENT: no such file or directory, open '/home/younix/Downloads/dotfiles-kde/.git/refs/remotes/origin/main'
2024-07-31 12:30:35.658 [info] > git rev-parse refs/remotes/origin/main [1ms]
2024-07-31 12:30:36.155 [info] > git status -z -uall [488ms]
2024-07-31 12:30:36.168 [info] > git for-each-ref --format=%(refname)%00%(upstream:short)%00%(objectname)%00%(upstream:track)%00%(upstream:remotename)%00%(upstream:remoteref) refs/heads/main refs/remotes/main [3ms]
2024-07-31 12:30:36.179 [info] > git config --local branch.main.vscode-merge-base [2ms]
2024-07-31 12:30:36.190 [info] > git for-each-ref --format=%(refname)%00%(upstream:short)%00%(objectname)%00%(upstream:track)%00%(upstream:remotename)%00%(upstream:remoteref) refs/heads/origin/main refs/remotes/origin/main [1ms]
2024-07-31 12:32:49.947 [info] > git show --textconv :.zshrc [32ms]
2024-07-31 12:32:49.977 [info] > git ls-files --stage -- /home/younix/Downloads/dotfiles-kde/.zshrc [51ms]
2024-07-31 12:32:49.987 [info] > git cat-file -s 6b54597d686f4aee69a5ffd28899d2d1f641bc82 [2ms]
2024-07-31 12:32:55.532 [info] > git show --textconv :install.sh [35ms]
2024-07-31 12:32:55.561 [info] > git ls-files --stage -- /home/younix/Downloads/dotfiles-kde/install.sh [54ms]
2024-07-31 12:32:55.572 [info] > git cat-file -s deab774db0ca04dd6883cf14d38b3844d291bd4c [3ms]
2024-07-31 12:32:59.463 [info] > git show --textconv :.zshrc [31ms]
2024-07-31 12:32:59.495 [info] > git ls-files --stage -- /home/younix/Downloads/dotfiles-kde/.zshrc [52ms]
2024-07-31 12:32:59.505 [info] > git cat-file -s 6b54597d686f4aee69a5ffd28899d2d1f641bc82 [2ms]
2024-07-31 12:33:02.288 [info] > git show --textconv :install.sh [34ms]
2024-07-31 12:33:02.319 [info] > git ls-files --stage -- /home/younix/Downloads/dotfiles-kde/install.sh [54ms]
2024-07-31 12:33:02.330 [info] > git cat-file -s deab774db0ca04dd6883cf14d38b3844d291bd4c [2ms]
