2024-07-30 14:06:20.992 [info] Log level: Info
2024-07-30 14:06:20.992 [info] Validating found git in: "git"
2024-07-30 14:06:20.992 [info] Using git "2.45.2" from "git"
2024-07-30 14:06:20.992 [info] > git rev-parse --show-toplevel [5ms]
2024-07-30 14:06:20.992 [info] fatal: not a git repository (or any parent up to mount point /)
Stopping at filesystem boundary (GIT_DISCOVERY_ACROSS_FILESYSTEM not set).
2024-07-30 14:06:20.992 [info] > git rev-parse --show-toplevel [13ms]
2024-07-30 14:06:20.992 [info] fatal: not a git repository (or any parent up to mount point /)
Stopping at filesystem boundary (GIT_DISCOVERY_ACROSS_FILESYSTEM not set).
2024-07-30 14:06:20.994 [info] > git rev-parse --show-toplevel [76ms]
2024-07-30 14:06:20.994 [info] fatal: not a git repository (or any parent up to mount point /)
Stopping at filesystem boundary (GIT_DISCOVERY_ACROSS_FILESYSTEM not set).
2024-07-30 14:06:21.086 [info] > git rev-parse --show-toplevel [9ms]
2024-07-30 14:06:21.086 [info] fatal: not a git repository (or any parent up to mount point /)
Stopping at filesystem boundary (GIT_DISCOVERY_ACROSS_FILESYSTEM not set).
2024-07-30 14:06:21.107 [info] > git rev-parse --show-toplevel [4ms]
2024-07-30 14:06:21.107 [info] fatal: not a git repository (or any parent up to mount point /)
Stopping at filesystem boundary (GIT_DISCOVERY_ACROSS_FILESYSTEM not set).
2024-07-30 14:06:21.127 [info] > git rev-parse --show-toplevel [6ms]
2024-07-30 14:06:21.129 [info] fatal: not a git repository (or any parent up to mount point /)
Stopping at filesystem boundary (GIT_DISCOVERY_ACROSS_FILESYSTEM not set).
2024-07-30 14:06:21.234 [info] > git rev-parse --show-toplevel [6ms]
2024-07-30 14:06:21.234 [info] fatal: not a git repository (or any parent up to mount point /)
Stopping at filesystem boundary (GIT_DISCOVERY_ACROSS_FILESYSTEM not set).
2024-07-30 14:06:22.484 [info] > git rev-parse --show-toplevel [3ms]
2024-07-30 14:06:22.484 [info] fatal: not a git repository (or any parent up to mount point /)
Stopping at filesystem boundary (GIT_DISCOVERY_ACROSS_FILESYSTEM not set).
2024-07-30 14:36:49.495 [info] > git rev-parse --show-toplevel [7ms]
2024-07-30 14:36:49.495 [info] fatal: not a git repository (or any parent up to mount point /)
Stopping at filesystem boundary (GIT_DISCOVERY_ACROSS_FILESYSTEM not set).
2024-07-30 14:36:51.141 [info] > git rev-parse --show-toplevel [4ms]
2024-07-30 14:36:51.141 [info] fatal: not a git repository (or any parent up to mount point /)
Stopping at filesystem boundary (GIT_DISCOVERY_ACROSS_FILESYSTEM not set).
2024-07-30 14:36:52.262 [info] > git rev-parse --show-toplevel [5ms]
2024-07-30 14:36:52.262 [info] fatal: not a git repository (or any parent up to mount point /)
Stopping at filesystem boundary (GIT_DISCOVERY_ACROSS_FILESYSTEM not set).
