2024-07-26 11:42:12.756 [info] Added views:workbench.panel.markers.view in workbench.panel.markers
2024-07-26 11:42:12.756 [info] Added views:workbench.panel.output in workbench.panel.output
2024-07-26 11:42:12.756 [info] Added views:terminal in terminal
2024-07-26 11:42:12.756 [info] Added views:outline in workbench.view.explorer
2024-07-26 11:42:12.756 [info] Added views:workbench.scm in workbench.view.scm
2024-07-26 11:42:12.756 [info] Added views:workbench.view.search in workbench.view.search
2024-07-26 11:42:12.756 [info] Added views:timeline in workbench.view.explorer
2024-07-26 11:42:12.756 [info] Added views:workbench.explorer.fileView in workbench.view.explorer
2024-07-26 11:42:13.379 [info] Added views:thunder-client-sidebar in workbench.view.extension.thunder-client
2024-07-26 11:42:13.448 [info] Added views:workbench.debug.variablesView,workbench.debug.watchExpressionsView,workbench.debug.callStackView,workbench.debug.breakPointsView in workbench.view.debug
2024-07-26 11:42:13.521 [info] Added views:workbench.panel.repl.view in workbench.panel.repl
2024-07-26 11:42:13.523 [info] Removed views:workbench.debug.breakPointsView,workbench.debug.callStackView,workbench.debug.watchExpressionsView,workbench.debug.variablesView from workbench.view.debug
2024-07-26 11:42:13.524 [info] Added views:workbench.debug.welcome in workbench.view.debug
2024-07-26 11:42:13.554 [info] Added views:vscode-pets.petsView in workbench.view.explorer
2024-07-26 11:42:13.763 [info] Added views:~remote.forwardedPorts in ~remote.forwardedPortsContainer
2024-07-26 11:51:48.490 [info] Added views:workbench.panel.markers.view in workbench.panel.markers
2024-07-26 11:51:48.490 [info] Added views:workbench.panel.output in workbench.panel.output
2024-07-26 11:51:48.490 [info] Added views:terminal in terminal
2024-07-26 11:51:48.490 [info] Added views:outline in workbench.view.explorer
2024-07-26 11:51:48.490 [info] Added views:workbench.scm in workbench.view.scm
2024-07-26 11:51:48.490 [info] Added views:workbench.view.search in workbench.view.search
2024-07-26 11:51:48.490 [info] Added views:timeline in workbench.view.explorer
2024-07-26 11:51:48.490 [info] Added views:workbench.explorer.fileView in workbench.view.explorer
2024-07-26 11:51:49.067 [info] Added views:thunder-client-sidebar in workbench.view.extension.thunder-client
2024-07-26 11:51:49.151 [info] Added views:workbench.debug.welcome in workbench.view.debug
2024-07-26 11:51:49.372 [info] Added views:workbench.panel.repl.view in workbench.panel.repl
2024-07-26 11:51:49.468 [info] Added views:vscode-pets.petsView in workbench.view.explorer
2024-07-26 11:51:50.787 [info] Added views:~remote.forwardedPorts in ~remote.forwardedPortsContainer
2024-07-26 11:52:23.846 [info] Added views:workbench.panel.markers.view in workbench.panel.markers
2024-07-26 11:52:23.846 [info] Added views:workbench.panel.output in workbench.panel.output
2024-07-26 11:52:23.846 [info] Added views:terminal in terminal
2024-07-26 11:52:23.846 [info] Added views:outline in workbench.view.explorer
2024-07-26 11:52:23.846 [info] Added views:workbench.scm in workbench.view.scm
2024-07-26 11:52:23.846 [info] Added views:workbench.view.search in workbench.view.search
2024-07-26 11:52:23.846 [info] Added views:timeline in workbench.view.explorer
2024-07-26 11:52:23.846 [info] Added views:workbench.explorer.fileView in workbench.view.explorer
2024-07-26 11:52:24.429 [info] Added views:thunder-client-sidebar in workbench.view.extension.thunder-client
2024-07-26 11:52:24.511 [info] Added views:workbench.debug.welcome in workbench.view.debug
2024-07-26 11:52:24.732 [info] Added views:workbench.panel.repl.view in workbench.panel.repl
2024-07-26 11:52:25.021 [info] Added views:vscode-pets.petsView in workbench.view.explorer
2024-07-26 11:52:26.017 [info] Added views:~remote.forwardedPorts in ~remote.forwardedPortsContainer
2024-07-26 11:52:31.588 [info] Added views:workbench.panel.markers.view in workbench.panel.markers
2024-07-26 11:52:31.588 [info] Added views:workbench.panel.output in workbench.panel.output
2024-07-26 11:52:31.588 [info] Added views:terminal in terminal
2024-07-26 11:52:31.588 [info] Added views:outline in workbench.view.explorer
2024-07-26 11:52:31.588 [info] Added views:workbench.scm in workbench.view.scm
2024-07-26 11:52:31.588 [info] Added views:workbench.view.search in workbench.view.search
2024-07-26 11:52:31.588 [info] Added views:timeline in workbench.view.explorer
2024-07-26 11:52:31.588 [info] Added views:workbench.explorer.fileView in workbench.view.explorer
2024-07-26 11:52:32.192 [info] Added views:thunder-client-sidebar in workbench.view.extension.thunder-client
2024-07-26 11:52:32.263 [info] Added views:workbench.debug.welcome in workbench.view.debug
2024-07-26 11:52:32.496 [info] Added views:workbench.panel.repl.view in workbench.panel.repl
2024-07-26 11:52:32.879 [info] Added views:vscode-pets.petsView in workbench.view.explorer
2024-07-26 11:52:33.867 [info] Added views:~remote.forwardedPorts in ~remote.forwardedPortsContainer
2024-07-26 11:52:43.018 [info] Added views:workbench.panel.markers.view in workbench.panel.markers
2024-07-26 11:52:43.018 [info] Added views:workbench.panel.output in workbench.panel.output
2024-07-26 11:52:43.018 [info] Added views:terminal in terminal
2024-07-26 11:52:43.018 [info] Added views:outline in workbench.view.explorer
2024-07-26 11:52:43.018 [info] Added views:workbench.scm in workbench.view.scm
2024-07-26 11:52:43.018 [info] Added views:workbench.view.search in workbench.view.search
2024-07-26 11:52:43.018 [info] Added views:timeline in workbench.view.explorer
2024-07-26 11:52:43.018 [info] Added views:workbench.explorer.fileView in workbench.view.explorer
2024-07-26 11:52:43.149 [info] Added views:workbench.debug.welcome in workbench.view.debug
2024-07-26 11:52:43.733 [info] Added views:thunder-client-sidebar in workbench.view.extension.thunder-client
2024-07-26 11:52:43.895 [info] Added views:workbench.panel.repl.view in workbench.panel.repl
2024-07-26 11:52:44.029 [info] Added views:vscode-pets.petsView in workbench.view.explorer
2024-07-26 11:52:44.218 [info] Added views:~remote.forwardedPorts in ~remote.forwardedPortsContainer
2024-07-26 11:52:56.152 [info] Added views:workbench.panel.markers.view in workbench.panel.markers
2024-07-26 11:52:56.152 [info] Added views:workbench.panel.output in workbench.panel.output
2024-07-26 11:52:56.152 [info] Added views:terminal in terminal
2024-07-26 11:52:56.152 [info] Added views:outline in workbench.view.explorer
2024-07-26 11:52:56.152 [info] Added views:workbench.scm in workbench.view.scm
2024-07-26 11:52:56.152 [info] Added views:workbench.view.search in workbench.view.search
2024-07-26 11:52:56.152 [info] Added views:timeline in workbench.view.explorer
2024-07-26 11:52:56.152 [info] Added views:workbench.explorer.fileView in workbench.view.explorer
2024-07-26 11:52:56.365 [info] Added views:workbench.debug.welcome in workbench.view.debug
2024-07-26 11:52:56.840 [info] Added views:thunder-client-sidebar in workbench.view.extension.thunder-client
2024-07-26 11:52:56.980 [info] Added views:workbench.panel.repl.view in workbench.panel.repl
2024-07-26 11:52:57.160 [info] Added views:vscode-pets.petsView in workbench.view.explorer
2024-07-26 11:52:57.334 [info] Added views:~remote.forwardedPorts in ~remote.forwardedPortsContainer
2024-07-26 11:53:13.590 [info] Added views:workbench.panel.markers.view in workbench.panel.markers
2024-07-26 11:53:13.590 [info] Added views:workbench.panel.output in workbench.panel.output
2024-07-26 11:53:13.590 [info] Added views:terminal in terminal
2024-07-26 11:53:13.590 [info] Added views:outline in workbench.view.explorer
2024-07-26 11:53:13.590 [info] Added views:workbench.scm in workbench.view.scm
2024-07-26 11:53:13.590 [info] Added views:workbench.view.search in workbench.view.search
2024-07-26 11:53:13.590 [info] Added views:timeline in workbench.view.explorer
2024-07-26 11:53:13.590 [info] Added views:workbench.explorer.fileView in workbench.view.explorer
2024-07-26 11:53:13.773 [info] Added views:workbench.debug.welcome in workbench.view.debug
2024-07-26 11:53:14.318 [info] Added views:thunder-client-sidebar in workbench.view.extension.thunder-client
2024-07-26 11:53:14.458 [info] Added views:workbench.panel.repl.view in workbench.panel.repl
2024-07-26 11:53:14.664 [info] Added views:vscode-pets.petsView in workbench.view.explorer
2024-07-26 11:53:14.848 [info] Added views:~remote.forwardedPorts in ~remote.forwardedPortsContainer
2024-07-26 11:53:22.085 [info] Added views:workbench.panel.markers.view in workbench.panel.markers
2024-07-26 11:53:22.085 [info] Added views:workbench.panel.output in workbench.panel.output
2024-07-26 11:53:22.085 [info] Added views:terminal in terminal
2024-07-26 11:53:22.085 [info] Added views:outline in workbench.view.explorer
2024-07-26 11:53:22.085 [info] Added views:workbench.scm in workbench.view.scm
2024-07-26 11:53:22.085 [info] Added views:workbench.view.search in workbench.view.search
2024-07-26 11:53:22.085 [info] Added views:timeline in workbench.view.explorer
2024-07-26 11:53:22.085 [info] Added views:workbench.explorer.fileView in workbench.view.explorer
2024-07-26 11:53:22.217 [info] Added views:workbench.debug.welcome in workbench.view.debug
2024-07-26 11:53:22.637 [info] Added views:thunder-client-sidebar in workbench.view.extension.thunder-client
2024-07-26 11:53:22.753 [info] Added views:workbench.panel.repl.view in workbench.panel.repl
2024-07-26 11:53:22.911 [info] Added views:vscode-pets.petsView in workbench.view.explorer
2024-07-26 11:53:23.144 [info] Added views:~remote.forwardedPorts in ~remote.forwardedPortsContainer
2024-07-26 11:53:29.425 [info] Added views:workbench.panel.markers.view in workbench.panel.markers
2024-07-26 11:53:29.425 [info] Added views:workbench.panel.output in workbench.panel.output
2024-07-26 11:53:29.425 [info] Added views:terminal in terminal
2024-07-26 11:53:29.425 [info] Added views:outline in workbench.view.explorer
2024-07-26 11:53:29.425 [info] Added views:workbench.scm in workbench.view.scm
2024-07-26 11:53:29.425 [info] Added views:workbench.view.search in workbench.view.search
2024-07-26 11:53:29.425 [info] Added views:timeline in workbench.view.explorer
2024-07-26 11:53:29.425 [info] Added views:workbench.explorer.fileView in workbench.view.explorer
2024-07-26 11:53:29.561 [info] Added views:workbench.debug.welcome in workbench.view.debug
2024-07-26 11:53:30.101 [info] Added views:thunder-client-sidebar in workbench.view.extension.thunder-client
2024-07-26 11:53:30.236 [info] Added views:workbench.panel.repl.view in workbench.panel.repl
2024-07-26 11:53:30.456 [info] Added views:vscode-pets.petsView in workbench.view.explorer
2024-07-26 11:53:30.600 [info] Added views:~remote.forwardedPorts in ~remote.forwardedPortsContainer
2024-07-26 11:53:50.595 [info] Added views:workbench.panel.markers.view in workbench.panel.markers
2024-07-26 11:53:50.595 [info] Added views:workbench.panel.output in workbench.panel.output
2024-07-26 11:53:50.595 [info] Added views:terminal in terminal
2024-07-26 11:53:50.595 [info] Added views:outline in workbench.view.explorer
2024-07-26 11:53:50.595 [info] Added views:workbench.scm in workbench.view.scm
2024-07-26 11:53:50.595 [info] Added views:workbench.view.search in workbench.view.search
2024-07-26 11:53:50.595 [info] Added views:timeline in workbench.view.explorer
2024-07-26 11:53:50.595 [info] Added views:workbench.explorer.fileView in workbench.view.explorer
2024-07-26 11:53:50.813 [info] Added views:workbench.debug.welcome in workbench.view.debug
2024-07-26 11:53:51.329 [info] Added views:thunder-client-sidebar in workbench.view.extension.thunder-client
2024-07-26 11:53:51.524 [info] Added views:workbench.panel.repl.view in workbench.panel.repl
2024-07-26 11:53:51.719 [info] Added views:vscode-pets.petsView in workbench.view.explorer
2024-07-26 11:53:51.759 [info] Added views:~remote.forwardedPorts in ~remote.forwardedPortsContainer
