I[09:47:17.829] clangd version 18.1.3 (https://github.com/llvm/llvm-project c13b7485b87909fcf739f62cfa382b55407433c0)
I[09:47:17.829] Features: linux+grpc
I[09:47:17.829] PID: 2215
I[09:47:17.829] Working directory: /home/younix/Dropbox/Work/DroneSwarm
I[09:47:17.829] argv[0]: /home/younix/.config/Code - OSS/User/globalStorage/llvm-vs-code-extensions.vscode-clangd/install/18.1.3/clangd_18.1.3/bin/clangd
I[09:47:17.829] Starting LSP over stdin/stdout
I[09:47:17.829] <-- initialize(0)
I[09:47:17.831] --> reply:initialize(0) 1 ms
I[09:47:17.835] <-- initialized
I[09:47:17.848] <-- textDocument/didOpen
I[09:47:17.854] Failed to find compilation database for /home/younix/Dropbox/Work/DroneSwarm/src/main.cpp
I[09:47:17.854] ASTWorker building file /home/younix/Dropbox/Work/DroneSwarm/src/main.cpp version 1 with command clangd fallback
[/home/younix/Dropbox/Work/DroneSwarm/src]
/usr/bin/clang "-resource-dir=/home/younix/.config/Code - OSS/User/globalStorage/llvm-vs-code-extensions.vscode-clangd/install/18.1.3/clangd_18.1.3/lib/clang/18" -- /home/younix/Dropbox/Work/DroneSwarm/src/main.cpp
I[09:47:17.861] --> textDocument/clangd.fileStatus
I[09:47:18.089] <-- textDocument/documentSymbol(1)
I[09:47:18.092] <-- textDocument/codeAction(2)
I[09:47:18.122] <-- textDocument/documentLink(3)
I[09:47:18.125] <-- textDocument/inlayHint(4)
I[09:47:18.297] <-- textDocument/foldingRange(5)
I[09:47:18.298] --> reply:textDocument/foldingRange(5) 0 ms
I[09:47:18.385] Built preamble of size 3467520 for file /home/younix/Dropbox/Work/DroneSwarm/src/main.cpp version 1 in 0.52 seconds
I[09:47:18.386] --> workspace/semanticTokens/refresh(0)
I[09:47:18.386] Indexing c++17 standard library in the context of /home/younix/Dropbox/Work/DroneSwarm/src/main.cpp
I[09:47:18.390] <-- reply(0)
I[09:47:18.390] <-- textDocument/documentSymbol(6)
I[09:47:18.391] <-- textDocument/semanticTokens/full(7)
E[09:47:18.406] IncludeCleaner: Failed to get an entry for resolved path : No such file or directory
E[09:47:18.406] IncludeCleaner: Failed to get an entry for resolved path : No such file or directory
I[09:47:18.407] --> textDocument/publishDiagnostics
I[09:47:18.407] --> textDocument/inactiveRegions
I[09:47:18.407] --> reply:textDocument/documentSymbol(1) 318 ms
I[09:47:18.407] --> reply:textDocument/codeAction(2) 315 ms
I[09:47:18.407] --> reply:textDocument/documentLink(3) 284 ms
I[09:47:18.407] --> reply:textDocument/inlayHint(4) 282 ms
I[09:47:18.407] --> reply:textDocument/documentSymbol(6) 17 ms
I[09:47:18.407] --> reply:textDocument/semanticTokens/full(7) 16 ms
I[09:47:18.407] --> textDocument/clangd.fileStatus
I[09:47:18.671] <-- textDocument/codeAction(8)
I[09:47:18.671] --> reply:textDocument/codeAction(8) 0 ms
I[09:47:18.671] --> textDocument/clangd.fileStatus
I[09:47:21.546] Indexed c++17 standard library (incomplete due to errors): 14130 symbols, 9980 filtered
I[09:47:25.263] <-- textDocument/didClose
I[09:47:25.264] --> textDocument/publishDiagnostics
I[09:59:34.892] <-- textDocument/didOpen
I[09:59:34.892] Failed to find compilation database for /home/younix/Dropbox/Work/DroneSwarm/src/main.cpp
I[09:59:34.893] ASTWorker building file /home/younix/Dropbox/Work/DroneSwarm/src/main.cpp version 1 with command clangd fallback
[/home/younix/Dropbox/Work/DroneSwarm/src]
/usr/bin/clang "-resource-dir=/home/younix/.config/Code - OSS/User/globalStorage/llvm-vs-code-extensions.vscode-clangd/install/18.1.3/clangd_18.1.3/lib/clang/18" -- /home/younix/Dropbox/Work/DroneSwarm/src/main.cpp
I[09:59:34.894] --> textDocument/clangd.fileStatus
I[09:59:34.911] <-- textDocument/codeAction(9)
I[09:59:34.912] <-- textDocument/documentSymbol(10)
I[09:59:34.976] <-- textDocument/semanticTokens/full(11)
I[09:59:34.979] <-- textDocument/documentLink(12)
I[09:59:34.980] <-- textDocument/inlayHint(13)
I[09:59:35.036] <-- $/cancelRequest
I[09:59:35.037] <-- textDocument/documentSymbol(14)
I[09:59:35.099] <-- textDocument/foldingRange(15)
I[09:59:35.099] --> reply:textDocument/foldingRange(15) 0 ms
I[09:59:35.206] <-- textDocument/documentSymbol(16)
I[09:59:35.312] Built preamble of size 3467520 for file /home/younix/Dropbox/Work/DroneSwarm/src/main.cpp version 1 in 0.42 seconds
I[09:59:35.313] --> workspace/semanticTokens/refresh(1)
I[09:59:35.314] <-- reply(1)
E[09:59:35.343] IncludeCleaner: Failed to get an entry for resolved path : No such file or directory
E[09:59:35.343] IncludeCleaner: Failed to get an entry for resolved path : No such file or directory
I[09:59:35.345] --> textDocument/publishDiagnostics
I[09:59:35.345] --> textDocument/inactiveRegions
I[09:59:35.345] --> reply:textDocument/codeAction(9) 434 ms
I[09:59:35.345] --> reply:textDocument/documentSymbol(10) 432 ms, error: Task was cancelled.
I[09:59:35.345] --> reply:textDocument/semanticTokens/full(11) 369 ms
I[09:59:35.345] --> reply:textDocument/documentLink(12) 366 ms
I[09:59:35.346] --> reply:textDocument/inlayHint(13) 365 ms
I[09:59:35.346] --> reply:textDocument/documentSymbol(14) 309 ms
I[09:59:35.346] --> reply:textDocument/documentSymbol(16) 139 ms
I[09:59:35.346] --> textDocument/clangd.fileStatus
[Error - 9:59:35 AM] Request textDocument/documentSymbol failed.
[object Object]
I[09:59:35.615] <-- textDocument/codeAction(17)
I[09:59:35.615] --> reply:textDocument/codeAction(17) 0 ms
I[09:59:35.615] --> textDocument/clangd.fileStatus
I[09:59:35.808] <-- textDocument/semanticTokens/full/delta(18)
I[09:59:35.809] --> reply:textDocument/semanticTokens/full/delta(18) 0 ms
I[09:59:35.809] --> textDocument/clangd.fileStatus
I[09:59:38.511] <-- textDocument/inlayHint(19)
I[09:59:38.511] --> reply:textDocument/inlayHint(19) 0 ms
I[09:59:38.511] --> textDocument/clangd.fileStatus
I[09:59:41.546] <-- textDocument/documentLink(20)
I[09:59:41.546] --> reply:textDocument/documentLink(20) 0 ms
I[09:59:41.546] --> textDocument/clangd.fileStatus
I[09:59:45.535] <-- textDocument/codeAction(21)
I[09:59:45.535] --> reply:textDocument/codeAction(21) 0 ms
I[09:59:45.535] --> textDocument/clangd.fileStatus
I[09:59:45.583] <-- textDocument/documentLink(22)
I[09:59:45.583] --> reply:textDocument/documentLink(22) 0 ms
I[09:59:45.583] --> textDocument/clangd.fileStatus
I[09:59:45.723] <-- textDocument/foldingRange(23)
I[09:59:45.724] --> reply:textDocument/foldingRange(23) 0 ms
I[09:59:45.740] <-- textDocument/inlayHint(24)
I[09:59:45.740] --> reply:textDocument/inlayHint(24) 0 ms
I[09:59:45.740] --> textDocument/clangd.fileStatus
I[09:59:45.818] <-- textDocument/semanticTokens/full/delta(25)
I[09:59:45.818] --> reply:textDocument/semanticTokens/full/delta(25) 0 ms
I[09:59:45.818] --> textDocument/clangd.fileStatus
I[09:59:45.830] <-- textDocument/documentSymbol(26)
I[09:59:45.831] --> reply:textDocument/documentSymbol(26) 0 ms
I[09:59:45.831] --> textDocument/clangd.fileStatus
I[09:59:46.367] <-- textDocument/inlayHint(27)
I[09:59:46.367] --> reply:textDocument/inlayHint(27) 0 ms
I[09:59:46.367] --> textDocument/clangd.fileStatus
I[09:59:47.083] <-- textDocument/inlayHint(28)
I[09:59:47.083] --> reply:textDocument/inlayHint(28) 0 ms
I[09:59:47.083] --> textDocument/clangd.fileStatus
I[09:59:47.311] <-- textDocument/inlayHint(29)
I[09:59:47.312] --> reply:textDocument/inlayHint(29) 0 ms
I[09:59:47.312] --> textDocument/clangd.fileStatus
I[09:59:47.430] <-- textDocument/inlayHint(30)
I[09:59:47.431] --> reply:textDocument/inlayHint(30) 0 ms
I[09:59:47.431] --> textDocument/clangd.fileStatus
I[09:59:47.469] <-- textDocument/inlayHint(31)
I[09:59:47.469] --> reply:textDocument/inlayHint(31) 0 ms
I[09:59:47.469] --> textDocument/clangd.fileStatus
I[09:59:47.551] <-- textDocument/inlayHint(32)
I[09:59:47.551] --> reply:textDocument/inlayHint(32) 0 ms
I[09:59:47.551] --> textDocument/clangd.fileStatus
I[09:59:47.600] <-- textDocument/inlayHint(33)
I[09:59:47.600] --> reply:textDocument/inlayHint(33) 0 ms
I[09:59:47.600] --> textDocument/clangd.fileStatus
I[09:59:47.650] <-- textDocument/inlayHint(34)
I[09:59:47.651] --> reply:textDocument/inlayHint(34) 0 ms
I[09:59:47.651] --> textDocument/clangd.fileStatus
I[09:59:47.718] <-- textDocument/inlayHint(35)
I[09:59:47.718] --> reply:textDocument/inlayHint(35) 0 ms
I[09:59:47.718] --> textDocument/clangd.fileStatus
I[09:59:47.768] <-- textDocument/inlayHint(36)
I[09:59:47.768] --> reply:textDocument/inlayHint(36) 0 ms
I[09:59:47.768] --> textDocument/clangd.fileStatus
I[09:59:47.916] <-- textDocument/inlayHint(37)
I[09:59:47.916] --> reply:textDocument/inlayHint(37) 0 ms
I[09:59:47.916] --> textDocument/clangd.fileStatus
I[09:59:48.096] <-- textDocument/inlayHint(38)
I[09:59:48.096] --> reply:textDocument/inlayHint(38) 0 ms
I[09:59:48.096] --> textDocument/clangd.fileStatus
I[09:59:48.403] <-- textDocument/inlayHint(39)
I[09:59:48.403] --> reply:textDocument/inlayHint(39) 0 ms
I[09:59:48.403] --> textDocument/clangd.fileStatus
I[10:01:34.091] <-- textDocument/hover(40)
I[10:01:34.091] --> reply:textDocument/hover(40) 0 ms
I[10:01:34.091] --> textDocument/clangd.fileStatus
I[10:02:22.555] <-- textDocument/hover(41)
E[10:02:22.556] IncludeCleaner: Failed to get an entry for resolved path : No such file or directory
E[10:02:22.556] IncludeCleaner: Failed to get an entry for resolved path : No such file or directory
I[10:02:22.556] --> reply:textDocument/hover(41) 0 ms
I[10:02:22.556] --> textDocument/clangd.fileStatus
I[10:02:28.837] <-- textDocument/hover(42)
I[10:02:28.838] --> reply:textDocument/hover(42) 0 ms
I[10:02:28.838] --> textDocument/clangd.fileStatus
I[10:04:28.485] <-- textDocument/hover(43)
I[10:04:28.485] --> reply:textDocument/hover(43) 0 ms
I[10:04:28.485] --> textDocument/clangd.fileStatus
I[10:04:36.812] <-- textDocument/hover(44)
I[10:04:36.813] --> reply:textDocument/hover(44) 0 ms
I[10:04:36.813] --> textDocument/clangd.fileStatus
I[10:04:37.221] <-- textDocument/hover(45)
I[10:04:37.222] --> reply:textDocument/hover(45) 0 ms
I[10:04:37.222] --> textDocument/clangd.fileStatus
I[10:04:37.968] <-- textDocument/semanticTokens/full(46)
I[10:04:37.969] --> reply:textDocument/semanticTokens/full(46) 0 ms
I[10:04:37.969] --> textDocument/clangd.fileStatus
I[10:04:38.271] <-- $/setTrace
I[10:04:38.271] unhandled notification $/setTrace
I[10:04:38.445] <-- textDocument/codeAction(47)
I[10:04:38.445] --> reply:textDocument/codeAction(47) 0 ms
I[10:04:38.445] --> textDocument/clangd.fileStatus
I[10:04:38.521] <-- textDocument/documentSymbol(48)
I[10:04:38.521] --> reply:textDocument/documentSymbol(48) 0 ms
I[10:04:38.521] --> textDocument/clangd.fileStatus
I[10:04:38.607] <-- textDocument/codeAction(49)
I[10:04:38.607] <-- textDocument/documentLink(50)
I[10:04:38.607] --> reply:textDocument/codeAction(49) 0 ms
I[10:04:38.607] --> reply:textDocument/documentLink(50) 0 ms
I[10:04:38.607] --> textDocument/clangd.fileStatus
I[10:04:38.802] <-- textDocument/foldingRange(51)
I[10:04:38.802] --> reply:textDocument/foldingRange(51) 0 ms
I[10:04:38.896] <-- textDocument/documentSymbol(52)
I[10:04:38.896] --> reply:textDocument/documentSymbol(52) 0 ms
I[10:04:38.896] --> textDocument/clangd.fileStatus
I[10:04:41.109] <-- textDocument/didClose
I[10:04:41.109] --> textDocument/publishDiagnostics
I[10:04:44.309] <-- textDocument/didOpen
I[10:04:44.309] Failed to find compilation database for /home/younix/Dropbox/Work/DroneSwarm/src/main.cpp
I[10:04:44.309] ASTWorker building file /home/younix/Dropbox/Work/DroneSwarm/src/main.cpp version 1 with command clangd fallback
[/home/younix/Dropbox/Work/DroneSwarm/src]
/usr/bin/clang "-resource-dir=/home/younix/.config/Code - OSS/User/globalStorage/llvm-vs-code-extensions.vscode-clangd/install/18.1.3/clangd_18.1.3/lib/clang/18" -- /home/younix/Dropbox/Work/DroneSwarm/src/main.cpp
I[10:04:44.310] --> textDocument/clangd.fileStatus
I[10:04:44.327] <-- textDocument/codeAction(53)
I[10:04:44.327] <-- textDocument/documentSymbol(54)
I[10:04:44.386] <-- textDocument/semanticTokens/full(55)
I[10:04:44.389] <-- textDocument/documentLink(56)
I[10:04:44.397] <-- textDocument/inlayHint(57)
I[10:04:44.435] <-- $/cancelRequest
I[10:04:44.436] <-- textDocument/documentSymbol(58)
I[10:04:44.515] <-- textDocument/foldingRange(59)
I[10:04:44.515] --> reply:textDocument/foldingRange(59) 0 ms
I[10:04:44.621] <-- textDocument/documentSymbol(60)
I[10:04:44.728] Built preamble of size 3467520 for file /home/younix/Dropbox/Work/DroneSwarm/src/main.cpp version 1 in 0.42 seconds
I[10:04:44.728] --> workspace/semanticTokens/refresh(2)
I[10:04:44.730] <-- reply(2)
E[10:04:44.756] IncludeCleaner: Failed to get an entry for resolved path : No such file or directory
E[10:04:44.756] IncludeCleaner: Failed to get an entry for resolved path : No such file or directory
I[10:04:44.757] --> textDocument/publishDiagnostics
I[10:04:44.757] --> textDocument/inactiveRegions
I[10:04:44.757] --> reply:textDocument/codeAction(53) 430 ms
I[10:04:44.757] --> reply:textDocument/documentSymbol(54) 430 ms, error: Task was cancelled.
I[10:04:44.757] --> reply:textDocument/semanticTokens/full(55) 370 ms
I[10:04:44.757] --> reply:textDocument/documentLink(56) 368 ms
I[10:04:44.757] --> reply:textDocument/inlayHint(57) 360 ms
I[10:04:44.757] --> reply:textDocument/documentSymbol(58) 321 ms
I[10:04:44.758] --> reply:textDocument/documentSymbol(60) 136 ms
I[10:04:44.758] --> textDocument/clangd.fileStatus
[Error - 10:04:44 AM] Request textDocument/documentSymbol failed.
[object Object]
I[10:04:45.016] <-- textDocument/codeAction(61)
I[10:04:45.016] --> reply:textDocument/codeAction(61) 0 ms
I[10:04:45.016] --> textDocument/clangd.fileStatus
I[10:04:45.147] <-- textDocument/semanticTokens/full/delta(62)
I[10:04:45.147] --> reply:textDocument/semanticTokens/full/delta(62) 0 ms
I[10:04:45.147] --> textDocument/clangd.fileStatus
I[10:04:54.877] <-- textDocument/codeAction(63)
I[10:04:54.877] --> reply:textDocument/codeAction(63) 0 ms
I[10:04:54.877] --> textDocument/clangd.fileStatus
I[10:04:54.929] <-- textDocument/documentLink(64)
I[10:04:54.929] <-- textDocument/inlayHint(65)
I[10:04:54.929] --> reply:textDocument/documentLink(64) 0 ms
I[10:04:54.929] --> reply:textDocument/inlayHint(65) 0 ms
I[10:04:54.929] --> textDocument/clangd.fileStatus
I[10:04:55.063] <-- textDocument/foldingRange(66)
I[10:04:55.064] --> reply:textDocument/foldingRange(66) 0 ms
I[10:04:55.160] <-- textDocument/semanticTokens/full/delta(67)
I[10:04:55.160] --> reply:textDocument/semanticTokens/full/delta(67) 0 ms
I[10:04:55.160] --> textDocument/clangd.fileStatus
I[10:04:55.183] <-- textDocument/documentSymbol(68)
I[10:04:55.184] --> reply:textDocument/documentSymbol(68) 0 ms
I[10:04:55.184] --> textDocument/clangd.fileStatus
I[10:04:57.447] <-- textDocument/codeAction(69)
I[10:04:57.447] --> reply:textDocument/codeAction(69) 0 ms
I[10:04:57.447] --> textDocument/clangd.fileStatus
I[10:04:57.486] <-- textDocument/documentLink(70)
I[10:04:57.486] <-- textDocument/inlayHint(71)
I[10:04:57.486] --> reply:textDocument/documentLink(70) 0 ms
I[10:04:57.486] --> reply:textDocument/inlayHint(71) 0 ms
I[10:04:57.486] --> textDocument/clangd.fileStatus
I[10:04:57.633] <-- textDocument/foldingRange(72)
I[10:04:57.634] --> reply:textDocument/foldingRange(72) 0 ms
I[10:04:57.731] <-- textDocument/semanticTokens/full/delta(73)
I[10:04:57.731] --> reply:textDocument/semanticTokens/full/delta(73) 0 ms
I[10:04:57.731] --> textDocument/clangd.fileStatus
I[10:04:57.735] <-- textDocument/documentSymbol(74)
I[10:04:57.735] --> reply:textDocument/documentSymbol(74) 0 ms
I[10:04:57.735] --> textDocument/clangd.fileStatus
I[10:05:38.439] <-- textDocument/codeAction(75)
I[10:05:38.440] --> reply:textDocument/codeAction(75) 0 ms
I[10:05:38.440] --> textDocument/clangd.fileStatus
I[10:05:38.484] <-- textDocument/documentLink(76)
I[10:05:38.484] <-- textDocument/inlayHint(77)
I[10:05:38.484] --> reply:textDocument/documentLink(76) 0 ms
I[10:05:38.484] --> reply:textDocument/inlayHint(77) 0 ms
I[10:05:38.484] --> textDocument/clangd.fileStatus
I[10:05:38.627] <-- textDocument/foldingRange(78)
I[10:05:38.627] --> reply:textDocument/foldingRange(78) 0 ms
I[10:05:38.724] <-- textDocument/semanticTokens/full/delta(79)
I[10:05:38.724] --> reply:textDocument/semanticTokens/full/delta(79) 0 ms
I[10:05:38.724] --> textDocument/clangd.fileStatus
I[10:05:38.738] <-- textDocument/documentSymbol(80)
I[10:05:38.738] --> reply:textDocument/documentSymbol(80) 0 ms
I[10:05:38.738] --> textDocument/clangd.fileStatus
I[10:05:56.715] <-- textDocument/codeAction(81)
I[10:05:56.715] --> reply:textDocument/codeAction(81) 0 ms
I[10:05:56.715] --> textDocument/clangd.fileStatus
I[10:05:56.755] <-- textDocument/documentLink(82)
I[10:05:56.756] <-- textDocument/inlayHint(83)
I[10:05:56.756] --> reply:textDocument/documentLink(82) 0 ms
I[10:05:56.756] --> reply:textDocument/inlayHint(83) 0 ms
I[10:05:56.756] --> textDocument/clangd.fileStatus
I[10:05:56.902] <-- textDocument/foldingRange(84)
I[10:05:56.903] --> reply:textDocument/foldingRange(84) 0 ms
I[10:05:57.000] <-- textDocument/semanticTokens/full/delta(85)
I[10:05:57.000] --> reply:textDocument/semanticTokens/full/delta(85) 0 ms
I[10:05:57.000] --> textDocument/clangd.fileStatus
I[10:05:57.004] <-- textDocument/documentSymbol(86)
I[10:05:57.004] --> reply:textDocument/documentSymbol(86) 0 ms
I[10:05:57.004] --> textDocument/clangd.fileStatus
I[10:05:59.382] <-- textDocument/inlayHint(87)
I[10:05:59.382] --> reply:textDocument/inlayHint(87) 0 ms
I[10:05:59.382] --> textDocument/clangd.fileStatus
I[10:06:00.749] <-- textDocument/inlayHint(88)
I[10:06:00.749] --> reply:textDocument/inlayHint(88) 0 ms
I[10:06:00.749] --> textDocument/clangd.fileStatus
I[10:06:01.448] <-- textDocument/inlayHint(89)
I[10:06:01.448] --> reply:textDocument/inlayHint(89) 0 ms
I[10:06:01.448] --> textDocument/clangd.fileStatus
I[10:06:02.765] <-- textDocument/inlayHint(90)
I[10:06:02.766] --> reply:textDocument/inlayHint(90) 0 ms
I[10:06:02.766] --> textDocument/clangd.fileStatus
I[10:06:04.223] <-- textDocument/hover(91)
I[10:06:04.223] --> reply:textDocument/hover(91) 0 ms
I[10:06:04.224] --> textDocument/clangd.fileStatus
I[10:06:04.696] <-- textDocument/inlayHint(92)
I[10:06:04.696] --> reply:textDocument/inlayHint(92) 0 ms
I[10:06:04.696] --> textDocument/clangd.fileStatus
I[10:06:20.578] <-- textDocument/hover(93)
I[10:06:20.579] --> reply:textDocument/hover(93) 0 ms
I[10:06:20.579] --> textDocument/clangd.fileStatus
I[10:06:21.443] <-- textDocument/hover(94)
I[10:06:21.443] --> reply:textDocument/hover(94) 0 ms
I[10:06:21.443] --> textDocument/clangd.fileStatus
I[10:06:21.735] <-- textDocument/documentHighlight(95)
I[10:06:21.735] --> reply:textDocument/documentHighlight(95) 0 ms
I[10:06:21.735] --> textDocument/clangd.fileStatus
I[10:06:22.274] <-- textDocument/codeAction(96)
I[10:06:22.275] --> reply:textDocument/codeAction(96) 0 ms
I[10:06:22.275] --> textDocument/clangd.fileStatus
I[10:06:23.323] <-- textDocument/codeAction(97)
I[10:06:23.324] --> reply:textDocument/codeAction(97) 0 ms
I[10:06:23.324] --> textDocument/clangd.fileStatus
I[10:06:23.640] <-- textDocument/codeAction(98)
I[10:06:23.641] --> reply:textDocument/codeAction(98) 0 ms
I[10:06:23.641] --> textDocument/clangd.fileStatus
I[10:06:24.588] <-- textDocument/hover(99)
I[10:06:24.588] --> reply:textDocument/hover(99) 0 ms
I[10:06:24.588] --> textDocument/clangd.fileStatus
I[10:06:26.439] <-- textDocument/hover(100)
I[10:06:26.440] --> reply:textDocument/hover(100) 0 ms
I[10:06:26.440] --> textDocument/clangd.fileStatus
I[10:06:27.914] <-- textDocument/codeAction(101)
I[10:06:27.914] --> reply:textDocument/codeAction(101) 0 ms
I[10:06:27.914] --> textDocument/clangd.fileStatus
I[10:06:28.321] <-- textDocument/hover(102)
I[10:06:28.321] --> reply:textDocument/hover(102) 0 ms
I[10:06:28.322] --> textDocument/clangd.fileStatus
I[10:06:28.436] <-- textDocument/documentHighlight(103)
I[10:06:28.437] --> reply:textDocument/documentHighlight(103) 0 ms
I[10:06:28.437] --> textDocument/clangd.fileStatus
I[10:06:28.687] <-- textDocument/codeAction(104)
I[10:06:28.688] --> reply:textDocument/codeAction(104) 0 ms
I[10:06:28.688] --> textDocument/clangd.fileStatus
I[10:06:30.241] <-- textDocument/codeAction(105)
I[10:06:30.241] --> reply:textDocument/codeAction(105) 0 ms
I[10:06:30.241] --> textDocument/clangd.fileStatus
I[10:06:40.579] <-- textDocument/hover(106)
I[10:06:40.579] --> reply:textDocument/hover(106) 0 ms
I[10:06:40.579] --> textDocument/clangd.fileStatus
I[10:07:08.399] <-- textDocument/hover(107)
I[10:07:08.400] --> reply:textDocument/hover(107) 0 ms
I[10:07:08.400] --> textDocument/clangd.fileStatus
I[10:07:08.507] <-- textDocument/inlayHint(108)
I[10:07:08.507] --> reply:textDocument/inlayHint(108) 0 ms
I[10:07:08.507] --> textDocument/clangd.fileStatus
I[10:07:12.434] <-- textDocument/hover(109)
I[10:07:12.435] --> reply:textDocument/hover(109) 0 ms
I[10:07:12.435] --> textDocument/clangd.fileStatus
I[10:07:12.589] <-- textDocument/codeAction(110)
I[10:07:12.589] --> reply:textDocument/codeAction(110) 0 ms
I[10:07:12.589] --> textDocument/clangd.fileStatus
I[10:09:49.790] <-- textDocument/codeAction(111)
I[10:09:49.791] --> reply:textDocument/codeAction(111) 0 ms
I[10:09:49.791] --> textDocument/clangd.fileStatus
I[10:09:49.843] <-- textDocument/documentLink(112)
I[10:09:49.844] <-- textDocument/inlayHint(113)
I[10:09:49.844] --> reply:textDocument/documentLink(112) 0 ms
I[10:09:49.844] --> reply:textDocument/inlayHint(113) 0 ms
I[10:09:49.844] --> textDocument/clangd.fileStatus
I[10:09:49.980] <-- textDocument/foldingRange(114)
I[10:09:49.980] --> reply:textDocument/foldingRange(114) 0 ms
I[10:09:50.034] <-- textDocument/codeAction(115)
I[10:09:50.034] --> reply:textDocument/codeAction(115) 0 ms
I[10:09:50.034] --> textDocument/clangd.fileStatus
I[10:09:50.074] <-- textDocument/semanticTokens/full/delta(116)
I[10:09:50.075] --> reply:textDocument/semanticTokens/full/delta(116) 0 ms
I[10:09:50.075] --> textDocument/clangd.fileStatus
I[10:09:50.083] <-- textDocument/documentSymbol(117)
I[10:09:50.083] --> reply:textDocument/documentSymbol(117) 0 ms
I[10:09:50.083] --> textDocument/clangd.fileStatus
I[10:09:51.212] <-- textDocument/inlayHint(118)
I[10:09:51.212] --> reply:textDocument/inlayHint(118) 0 ms
I[10:09:51.212] --> textDocument/clangd.fileStatus
I[10:09:51.715] <-- textDocument/inlayHint(119)
I[10:09:51.715] --> reply:textDocument/inlayHint(119) 0 ms
I[10:09:51.715] --> textDocument/clangd.fileStatus
I[11:28:06.592] <-- textDocument/codeAction(120)
I[11:28:06.593] --> reply:textDocument/codeAction(120) 0 ms
I[11:28:06.593] --> textDocument/clangd.fileStatus
I[11:28:06.641] <-- textDocument/documentLink(121)
I[11:28:06.642] --> reply:textDocument/documentLink(121) 0 ms
I[11:28:06.642] --> textDocument/clangd.fileStatus
I[11:28:06.645] <-- textDocument/inlayHint(122)
I[11:28:06.645] --> reply:textDocument/inlayHint(122) 0 ms
I[11:28:06.645] --> textDocument/clangd.fileStatus
I[11:28:06.780] <-- textDocument/foldingRange(123)
I[11:28:06.781] --> reply:textDocument/foldingRange(123) 0 ms
I[11:28:06.835] <-- textDocument/codeAction(124)
I[11:28:06.835] --> reply:textDocument/codeAction(124) 0 ms
I[11:28:06.835] --> textDocument/clangd.fileStatus
I[11:28:06.877] <-- textDocument/semanticTokens/full/delta(125)
I[11:28:06.877] --> reply:textDocument/semanticTokens/full/delta(125) 0 ms
I[11:28:06.877] --> textDocument/clangd.fileStatus
I[11:28:06.885] <-- textDocument/documentSymbol(126)
I[11:28:06.885] --> reply:textDocument/documentSymbol(126) 0 ms
I[11:28:06.885] --> textDocument/clangd.fileStatus
I[11:28:07.269] <-- textDocument/hover(127)
I[11:28:07.269] --> reply:textDocument/hover(127) 0 ms
I[11:28:07.269] --> textDocument/clangd.fileStatus
I[11:28:07.658] <-- textDocument/inlayHint(128)
I[11:28:07.659] --> reply:textDocument/inlayHint(128) 0 ms
I[11:28:07.659] --> textDocument/clangd.fileStatus
I[11:28:07.725] <-- textDocument/inlayHint(129)
I[11:28:07.725] --> reply:textDocument/inlayHint(129) 0 ms
I[11:28:07.725] --> textDocument/clangd.fileStatus
I[11:28:07.907] <-- textDocument/inlayHint(130)
I[11:28:07.907] --> reply:textDocument/inlayHint(130) 0 ms
I[11:28:07.907] --> textDocument/clangd.fileStatus
I[11:28:08.081] <-- textDocument/inlayHint(131)
I[11:28:08.081] --> reply:textDocument/inlayHint(131) 0 ms
I[11:28:08.081] --> textDocument/clangd.fileStatus
I[11:28:08.326] <-- textDocument/inlayHint(132)
I[11:28:08.326] --> reply:textDocument/inlayHint(132) 0 ms
I[11:28:08.326] --> textDocument/clangd.fileStatus
I[11:28:08.460] <-- textDocument/inlayHint(133)
I[11:28:08.460] --> reply:textDocument/inlayHint(133) 0 ms
I[11:28:08.460] --> textDocument/clangd.fileStatus
I[11:28:09.018] <-- textDocument/inlayHint(134)
I[11:28:09.019] --> reply:textDocument/inlayHint(134) 0 ms
I[11:28:09.019] --> textDocument/clangd.fileStatus
I[11:28:09.059] <-- textDocument/inlayHint(135)
I[11:28:09.059] --> reply:textDocument/inlayHint(135) 0 ms
I[11:28:09.059] --> textDocument/clangd.fileStatus
I[11:28:09.091] <-- textDocument/inlayHint(136)
I[11:28:09.091] --> reply:textDocument/inlayHint(136) 0 ms
I[11:28:09.091] --> textDocument/clangd.fileStatus
I[11:28:09.123] <-- textDocument/inlayHint(137)
I[11:28:09.123] --> reply:textDocument/inlayHint(137) 0 ms
I[11:28:09.123] --> textDocument/clangd.fileStatus
I[11:28:09.174] <-- textDocument/inlayHint(138)
I[11:28:09.174] --> reply:textDocument/inlayHint(138) 0 ms
I[11:28:09.174] --> textDocument/clangd.fileStatus
I[11:28:09.241] <-- textDocument/inlayHint(139)
I[11:28:09.241] --> reply:textDocument/inlayHint(139) 0 ms
I[11:28:09.241] --> textDocument/clangd.fileStatus
I[11:28:09.423] <-- textDocument/inlayHint(140)
I[11:28:09.423] --> reply:textDocument/inlayHint(140) 0 ms
I[11:28:09.423] --> textDocument/clangd.fileStatus
I[11:28:09.591] <-- textDocument/inlayHint(141)
I[11:28:09.591] --> reply:textDocument/inlayHint(141) 0 ms
I[11:28:09.591] --> textDocument/clangd.fileStatus
I[11:28:09.778] <-- textDocument/inlayHint(142)
I[11:28:09.778] --> reply:textDocument/inlayHint(142) 0 ms
I[11:28:09.778] --> textDocument/clangd.fileStatus
I[11:28:28.146] <-- textDocument/codeAction(143)
I[11:28:28.146] --> reply:textDocument/codeAction(143) 0 ms
I[11:28:28.146] --> textDocument/clangd.fileStatus
I[11:28:28.210] <-- textDocument/documentLink(144)
I[11:28:28.210] --> reply:textDocument/documentLink(144) 0 ms
I[11:28:28.210] --> textDocument/clangd.fileStatus
I[11:28:28.231] <-- textDocument/inlayHint(145)
I[11:28:28.233] --> reply:textDocument/inlayHint(145) 1 ms
I[11:28:28.233] --> textDocument/clangd.fileStatus
I[11:28:28.333] <-- textDocument/foldingRange(146)
I[11:28:28.333] --> reply:textDocument/foldingRange(146) 0 ms
I[11:28:28.390] <-- textDocument/codeAction(147)
I[11:28:28.390] --> reply:textDocument/codeAction(147) 0 ms
I[11:28:28.390] --> textDocument/clangd.fileStatus
I[11:28:28.433] <-- textDocument/semanticTokens/full/delta(148)
I[11:28:28.433] --> reply:textDocument/semanticTokens/full/delta(148) 0 ms
I[11:28:28.433] --> textDocument/clangd.fileStatus
I[11:28:28.434] <-- textDocument/documentSymbol(149)
I[11:28:28.434] --> reply:textDocument/documentSymbol(149) 0 ms
I[11:28:28.434] --> textDocument/clangd.fileStatus
I[15:20:06.372] <-- textDocument/codeAction(150)
I[15:20:06.373] --> reply:textDocument/codeAction(150) 0 ms
I[15:20:06.373] --> textDocument/clangd.fileStatus
I[15:20:06.419] <-- textDocument/documentLink(151)
I[15:20:06.419] --> reply:textDocument/documentLink(151) 0 ms
I[15:20:06.419] --> textDocument/clangd.fileStatus
I[15:20:06.429] <-- textDocument/inlayHint(152)
I[15:20:06.433] --> reply:textDocument/inlayHint(152) 4 ms
I[15:20:06.434] --> textDocument/clangd.fileStatus
I[15:20:06.559] <-- textDocument/foldingRange(153)
I[15:20:06.560] --> reply:textDocument/foldingRange(153) 0 ms
I[15:20:06.616] <-- textDocument/codeAction(154)
I[15:20:06.616] --> reply:textDocument/codeAction(154) 0 ms
I[15:20:06.616] --> textDocument/clangd.fileStatus
I[15:20:06.656] <-- textDocument/semanticTokens/full/delta(155)
I[15:20:06.656] --> reply:textDocument/semanticTokens/full/delta(155) 0 ms
I[15:20:06.656] --> textDocument/clangd.fileStatus
I[15:20:06.668] <-- textDocument/documentSymbol(156)
I[15:20:06.668] --> reply:textDocument/documentSymbol(156) 0 ms
I[15:20:06.668] --> textDocument/clangd.fileStatus
I[15:20:08.605] <-- textDocument/codeAction(157)
I[15:20:08.605] --> reply:textDocument/codeAction(157) 0 ms
I[15:20:08.605] --> textDocument/clangd.fileStatus
I[15:20:08.651] <-- textDocument/documentLink(158)
I[15:20:08.651] --> reply:textDocument/documentLink(158) 0 ms
I[15:20:08.651] --> textDocument/clangd.fileStatus
I[15:20:08.657] <-- textDocument/inlayHint(159)
I[15:20:08.657] --> reply:textDocument/inlayHint(159) 0 ms
I[15:20:08.657] --> textDocument/clangd.fileStatus
I[15:20:08.794] <-- textDocument/foldingRange(160)
I[15:20:08.795] --> reply:textDocument/foldingRange(160) 0 ms
I[15:20:08.848] <-- textDocument/codeAction(161)
I[15:20:08.848] --> reply:textDocument/codeAction(161) 0 ms
I[15:20:08.848] --> textDocument/clangd.fileStatus
I[15:20:08.903] <-- textDocument/semanticTokens/full/delta(162)
I[15:20:08.903] <-- textDocument/documentSymbol(163)
I[15:20:08.906] --> reply:textDocument/semanticTokens/full/delta(162) 3 ms
I[15:20:08.907] --> reply:textDocument/documentSymbol(163) 3 ms
I[15:20:08.907] --> textDocument/clangd.fileStatus
I[15:20:10.039] <-- textDocument/inlayHint(164)
I[15:20:10.039] --> reply:textDocument/inlayHint(164) 0 ms
I[15:20:10.039] --> textDocument/clangd.fileStatus
I[15:20:10.588] <-- textDocument/inlayHint(165)
I[15:20:10.588] --> reply:textDocument/inlayHint(165) 0 ms
I[15:20:10.588] --> textDocument/clangd.fileStatus
