2024-07-22 09:47:12.432 [info] Log level: Info
2024-07-22 09:47:12.432 [info] Validating found git in: "git"
2024-07-22 09:47:12.432 [info] Using git "2.45.2" from "git"
2024-07-22 09:47:12.432 [info] > git rev-parse --show-toplevel [8ms]
2024-07-22 09:47:12.432 [info] fatal: not a git repository (or any parent up to mount point /)
Stopping at filesystem boundary (GIT_DISCOVERY_ACROSS_FILESYSTEM not set).
2024-07-22 09:47:12.432 [info] > git rev-parse --show-toplevel [1ms]
2024-07-22 09:47:12.432 [info] fatal: not a git repository (or any parent up to mount point /)
Stopping at filesystem boundary (GIT_DISCOVERY_ACROSS_FILESYSTEM not set).
2024-07-22 09:47:12.432 [info] > git rev-parse --show-toplevel [1ms]
2024-07-22 09:47:12.432 [info] fatal: not a git repository (or any parent up to mount point /)
Stopping at filesystem boundary (GIT_DISCOVERY_ACROSS_FILESYSTEM not set).
2024-07-22 09:47:14.121 [info] > git rev-parse --show-toplevel [1ms]
2024-07-22 09:47:14.121 [info] fatal: not a git repository (or any parent up to mount point /)
Stopping at filesystem boundary (GIT_DISCOVERY_ACROSS_FILESYSTEM not set).
2024-07-22 09:47:14.585 [info] > git rev-parse --show-toplevel [1ms]
2024-07-22 09:47:14.585 [info] fatal: not a git repository (or any parent up to mount point /)
Stopping at filesystem boundary (GIT_DISCOVERY_ACROSS_FILESYSTEM not set).
2024-07-22 09:47:17.568 [info] > git rev-parse --show-toplevel [2ms]
2024-07-22 09:47:17.568 [info] fatal: not a git repository (or any parent up to mount point /)
Stopping at filesystem boundary (GIT_DISCOVERY_ACROSS_FILESYSTEM not set).
2024-07-22 09:47:25.301 [info] > git rev-parse --show-toplevel [2ms]
2024-07-22 09:47:25.301 [info] fatal: not a git repository (or any parent up to mount point /)
Stopping at filesystem boundary (GIT_DISCOVERY_ACROSS_FILESYSTEM not set).
2024-07-22 09:59:34.911 [info] > git rev-parse --show-toplevel [2ms]
2024-07-22 09:59:34.911 [info] fatal: not a git repository (or any parent up to mount point /)
Stopping at filesystem boundary (GIT_DISCOVERY_ACROSS_FILESYSTEM not set).
2024-07-22 09:59:43.794 [info] > git rev-parse --show-toplevel [2ms]
2024-07-22 09:59:43.794 [info] fatal: not a git repository (or any parent up to mount point /)
Stopping at filesystem boundary (GIT_DISCOVERY_ACROSS_FILESYSTEM not set).
2024-07-22 09:59:45.535 [info] > git rev-parse --show-toplevel [3ms]
2024-07-22 09:59:45.535 [info] fatal: not a git repository (or any parent up to mount point /)
Stopping at filesystem boundary (GIT_DISCOVERY_ACROSS_FILESYSTEM not set).
2024-07-22 10:04:38.311 [info] > git rev-parse --show-toplevel [24ms]
2024-07-22 10:04:38.311 [info] fatal: not a git repository (or any parent up to mount point /)
Stopping at filesystem boundary (GIT_DISCOVERY_ACROSS_FILESYSTEM not set).
2024-07-22 10:04:39.311 [info] > git rev-parse --show-toplevel [2ms]
2024-07-22 10:04:39.311 [info] fatal: not a git repository (or any parent up to mount point /)
Stopping at filesystem boundary (GIT_DISCOVERY_ACROSS_FILESYSTEM not set).
2024-07-22 10:04:44.325 [info] > git rev-parse --show-toplevel [3ms]
2024-07-22 10:04:44.325 [info] fatal: not a git repository (or any parent up to mount point /)
Stopping at filesystem boundary (GIT_DISCOVERY_ACROSS_FILESYSTEM not set).
2024-07-22 10:04:48.557 [info] > git rev-parse --show-toplevel [2ms]
2024-07-22 10:04:48.557 [info] fatal: not a git repository (or any parent up to mount point /)
Stopping at filesystem boundary (GIT_DISCOVERY_ACROSS_FILESYSTEM not set).
2024-07-22 10:04:52.692 [info] > git rev-parse --show-toplevel [3ms]
2024-07-22 10:04:52.692 [info] fatal: not a git repository (or any parent up to mount point /)
Stopping at filesystem boundary (GIT_DISCOVERY_ACROSS_FILESYSTEM not set).
2024-07-22 10:04:54.877 [info] > git rev-parse --show-toplevel [3ms]
2024-07-22 10:04:54.877 [info] fatal: not a git repository (or any parent up to mount point /)
Stopping at filesystem boundary (GIT_DISCOVERY_ACROSS_FILESYSTEM not set).
2024-07-22 10:04:56.861 [info] > git rev-parse --show-toplevel [2ms]
2024-07-22 10:04:56.861 [info] fatal: not a git repository (or any parent up to mount point /)
Stopping at filesystem boundary (GIT_DISCOVERY_ACROSS_FILESYSTEM not set).
2024-07-22 10:04:57.448 [info] > git rev-parse --show-toplevel [4ms]
2024-07-22 10:04:57.448 [info] fatal: not a git repository (or any parent up to mount point /)
Stopping at filesystem boundary (GIT_DISCOVERY_ACROSS_FILESYSTEM not set).
2024-07-22 10:04:57.996 [info] > git rev-parse --show-toplevel [2ms]
2024-07-22 10:04:57.996 [info] fatal: not a git repository (or any parent up to mount point /)
Stopping at filesystem boundary (GIT_DISCOVERY_ACROSS_FILESYSTEM not set).
2024-07-22 10:05:38.439 [info] > git rev-parse --show-toplevel [2ms]
2024-07-22 10:05:38.439 [info] fatal: not a git repository (or any parent up to mount point /)
Stopping at filesystem boundary (GIT_DISCOVERY_ACROSS_FILESYSTEM not set).
2024-07-22 10:05:39.577 [info] > git rev-parse --show-toplevel [3ms]
2024-07-22 10:05:39.577 [info] fatal: not a git repository (or any parent up to mount point /)
Stopping at filesystem boundary (GIT_DISCOVERY_ACROSS_FILESYSTEM not set).
2024-07-22 10:05:42.340 [info] > git rev-parse --show-toplevel [2ms]
2024-07-22 10:05:42.340 [info] fatal: not a git repository (or any parent up to mount point /)
Stopping at filesystem boundary (GIT_DISCOVERY_ACROSS_FILESYSTEM not set).
2024-07-22 10:05:43.614 [info] > git rev-parse --show-toplevel [2ms]
2024-07-22 10:05:43.614 [info] fatal: not a git repository (or any parent up to mount point /)
Stopping at filesystem boundary (GIT_DISCOVERY_ACROSS_FILESYSTEM not set).
2024-07-22 10:05:56.715 [info] > git rev-parse --show-toplevel [4ms]
2024-07-22 10:05:56.715 [info] fatal: not a git repository (or any parent up to mount point /)
Stopping at filesystem boundary (GIT_DISCOVERY_ACROSS_FILESYSTEM not set).
2024-07-22 10:09:44.441 [info] > git rev-parse --show-toplevel [3ms]
2024-07-22 10:09:44.441 [info] fatal: not a git repository (or any parent up to mount point /)
Stopping at filesystem boundary (GIT_DISCOVERY_ACROSS_FILESYSTEM not set).
2024-07-22 10:09:49.790 [info] > git rev-parse --show-toplevel [2ms]
2024-07-22 10:09:49.790 [info] fatal: not a git repository (or any parent up to mount point /)
Stopping at filesystem boundary (GIT_DISCOVERY_ACROSS_FILESYSTEM not set).
2024-07-22 10:09:52.764 [info] > git rev-parse --show-toplevel [3ms]
2024-07-22 10:09:52.764 [info] fatal: not a git repository (or any parent up to mount point /)
Stopping at filesystem boundary (GIT_DISCOVERY_ACROSS_FILESYSTEM not set).
2024-07-22 11:28:01.833 [info] > git rev-parse --show-toplevel [2ms]
2024-07-22 11:28:01.833 [info] fatal: not a git repository (or any parent up to mount point /)
Stopping at filesystem boundary (GIT_DISCOVERY_ACROSS_FILESYSTEM not set).
2024-07-22 11:28:06.593 [info] > git rev-parse --show-toplevel [3ms]
2024-07-22 11:28:06.593 [info] fatal: not a git repository (or any parent up to mount point /)
Stopping at filesystem boundary (GIT_DISCOVERY_ACROSS_FILESYSTEM not set).
2024-07-22 11:28:10.958 [info] > git rev-parse --show-toplevel [2ms]
2024-07-22 11:28:10.958 [info] fatal: not a git repository (or any parent up to mount point /)
Stopping at filesystem boundary (GIT_DISCOVERY_ACROSS_FILESYSTEM not set).
2024-07-22 11:28:28.144 [info] > git rev-parse --show-toplevel [2ms]
2024-07-22 11:28:28.144 [info] fatal: not a git repository (or any parent up to mount point /)
Stopping at filesystem boundary (GIT_DISCOVERY_ACROSS_FILESYSTEM not set).
2024-07-22 15:20:05.031 [info] > git rev-parse --show-toplevel [2ms]
2024-07-22 15:20:05.031 [info] fatal: not a git repository (or any parent up to mount point /)
Stopping at filesystem boundary (GIT_DISCOVERY_ACROSS_FILESYSTEM not set).
2024-07-22 15:20:06.371 [info] > git rev-parse --show-toplevel [3ms]
2024-07-22 15:20:06.371 [info] fatal: not a git repository (or any parent up to mount point /)
Stopping at filesystem boundary (GIT_DISCOVERY_ACROSS_FILESYSTEM not set).
2024-07-22 15:20:07.019 [info] > git rev-parse --show-toplevel [3ms]
2024-07-22 15:20:07.019 [info] fatal: not a git repository (or any parent up to mount point /)
Stopping at filesystem boundary (GIT_DISCOVERY_ACROSS_FILESYSTEM not set).
2024-07-22 15:20:08.605 [info] > git rev-parse --show-toplevel [3ms]
2024-07-22 15:20:08.606 [info] fatal: not a git repository (or any parent up to mount point /)
Stopping at filesystem boundary (GIT_DISCOVERY_ACROSS_FILESYSTEM not set).
2024-07-22 15:20:34.848 [info] Log level: Info
2024-07-22 15:20:34.848 [info] Validating found git in: "git"
2024-07-22 15:20:34.848 [info] Using git "2.45.2" from "git"
2024-07-22 15:20:34.848 [info] > git rev-parse --show-toplevel [80ms]
2024-07-22 15:20:34.848 [info] fatal: not a git repository (or any parent up to mount point /)
Stopping at filesystem boundary (GIT_DISCOVERY_ACROSS_FILESYSTEM not set).
2024-07-22 15:20:34.850 [info] > git rev-parse --show-toplevel [3ms]
2024-07-22 15:20:34.850 [info] fatal: not a git repository (or any parent up to mount point /)
Stopping at filesystem boundary (GIT_DISCOVERY_ACROSS_FILESYSTEM not set).
2024-07-22 15:20:34.861 [info] > git rev-parse --show-toplevel [2ms]
2024-07-22 15:20:34.861 [info] fatal: not a git repository (or any parent up to mount point /)
Stopping at filesystem boundary (GIT_DISCOVERY_ACROSS_FILESYSTEM not set).
2024-07-22 15:20:34.884 [info] > git rev-parse --show-toplevel [13ms]
2024-07-22 15:20:34.884 [info] fatal: not a git repository (or any parent up to mount point /)
Stopping at filesystem boundary (GIT_DISCOVERY_ACROSS_FILESYSTEM not set).
2024-07-22 15:21:08.759 [info] > git rev-parse --show-toplevel [9ms]
2024-07-22 15:21:08.759 [info] fatal: not a git repository (or any parent up to mount point /)
Stopping at filesystem boundary (GIT_DISCOVERY_ACROSS_FILESYSTEM not set).
