2024-09-27 15:23:36.658 [info] [main] Log level: Info
2024-09-27 15:23:36.658 [info] [main] Validating found git in: "git"
2024-09-27 15:23:36.659 [info] [main] Using git "2.46.2" from "git"
2024-09-27 15:23:36.659 [info] [Model][doInitialScan] Initial repository scan started
2024-09-27 15:23:36.659 [info] > git rev-parse --show-toplevel [7ms]
2024-09-27 15:23:36.659 [info] fatal: not a git repository (or any parent up to mount point /)
Stopping at filesystem boundary (GIT_DISCOVERY_ACROSS_FILESYSTEM not set).
2024-09-27 15:23:36.659 [info] > git rev-parse --show-toplevel [3ms]
2024-09-27 15:23:36.659 [info] fatal: not a git repository (or any parent up to mount point /)
Stopping at filesystem boundary (GIT_DISCOVERY_ACROSS_FILESYSTEM not set).
2024-09-27 15:23:36.659 [info] > git rev-parse --show-toplevel [1ms]
2024-09-27 15:23:36.659 [info] fatal: not a git repository (or any parent up to mount point /)
Stopping at filesystem boundary (GIT_DISCOVERY_ACROSS_FILESYSTEM not set).
2024-09-27 15:23:36.659 [info] [Model][doInitialScan] Initial repository scan completed - repositories (0), closed repositories (0), parent repositories (0), unsafe repositories (0)
2024-09-27 15:23:38.398 [info] > git rev-parse --show-toplevel [1ms]
2024-09-27 15:23:38.398 [info] fatal: not a git repository (or any parent up to mount point /)
Stopping at filesystem boundary (GIT_DISCOVERY_ACROSS_FILESYSTEM not set).
2024-09-27 15:23:40.565 [info] > git rev-parse --show-toplevel [1ms]
2024-09-27 15:23:40.565 [info] fatal: not a git repository (or any parent up to mount point /)
Stopping at filesystem boundary (GIT_DISCOVERY_ACROSS_FILESYSTEM not set).
