2024-07-29 12:09:46.425 [info] Log level: Info
2024-07-29 12:09:46.425 [info] Validating found git in: "git"
2024-07-29 12:09:46.425 [info] Using git "2.45.2" from "git"
2024-07-29 12:09:46.426 [info] > git rev-parse --show-toplevel [16ms]
2024-07-29 12:09:46.426 [info] fatal: not a git repository (or any parent up to mount point /)
Stopping at filesystem boundary (GIT_DISCOVERY_ACROSS_FILESYSTEM not set).
2024-07-29 12:09:46.426 [info] > git rev-parse --show-toplevel [7ms]
2024-07-29 12:09:46.426 [info] fatal: not a git repository (or any parent up to mount point /)
Stopping at filesystem boundary (GIT_DISCOVERY_ACROSS_FILESYSTEM not set).
2024-07-29 12:09:46.432 [info] > git rev-parse --show-toplevel [7ms]
2024-07-29 12:09:46.432 [info] fatal: not a git repository (or any parent up to mount point /)
Stopping at filesystem boundary (GIT_DISCOVERY_ACROSS_FILESYSTEM not set).
2024-07-29 12:09:46.443 [info] > git rev-parse --show-toplevel [5ms]
2024-07-29 12:09:46.443 [info] fatal: not a git repository (or any parent up to mount point /)
Stopping at filesystem boundary (GIT_DISCOVERY_ACROSS_FILESYSTEM not set).
2024-07-29 12:09:46.558 [info] > git rev-parse --show-toplevel [9ms]
2024-07-29 12:09:46.558 [info] fatal: not a git repository (or any parent up to mount point /)
Stopping at filesystem boundary (GIT_DISCOVERY_ACROSS_FILESYSTEM not set).
2024-07-29 12:09:46.581 [info] > git rev-parse --show-toplevel [2ms]
2024-07-29 12:09:46.581 [info] fatal: not a git repository (or any parent up to mount point /)
Stopping at filesystem boundary (GIT_DISCOVERY_ACROSS_FILESYSTEM not set).
2024-07-29 12:09:47.391 [info] > git rev-parse --show-toplevel [3ms]
2024-07-29 12:09:47.391 [info] fatal: not a git repository (or any parent up to mount point /)
Stopping at filesystem boundary (GIT_DISCOVERY_ACROSS_FILESYSTEM not set).
2024-07-29 12:52:47.565 [info] > git rev-parse --show-toplevel [4ms]
2024-07-29 12:52:47.565 [info] fatal: not a git repository (or any parent up to mount point /)
Stopping at filesystem boundary (GIT_DISCOVERY_ACROSS_FILESYSTEM not set).
2024-07-29 12:52:48.170 [info] > git rev-parse --show-toplevel [4ms]
2024-07-29 12:52:48.170 [info] fatal: not a git repository (or any parent up to mount point /)
Stopping at filesystem boundary (GIT_DISCOVERY_ACROSS_FILESYSTEM not set).
2024-07-29 12:52:54.072 [info] > git rev-parse --show-toplevel [3ms]
2024-07-29 12:52:54.072 [info] fatal: not a git repository (or any parent up to mount point /)
Stopping at filesystem boundary (GIT_DISCOVERY_ACROSS_FILESYSTEM not set).
2024-07-29 12:52:56.470 [info] > git rev-parse --show-toplevel [7ms]
2024-07-29 12:52:56.470 [info] fatal: not a git repository (or any parent up to mount point /)
Stopping at filesystem boundary (GIT_DISCOVERY_ACROSS_FILESYSTEM not set).
2024-07-29 13:04:16.615 [info] > git rev-parse --show-toplevel [6ms]
2024-07-29 13:04:16.615 [info] fatal: not a git repository (or any parent up to mount point /)
Stopping at filesystem boundary (GIT_DISCOVERY_ACROSS_FILESYSTEM not set).
2024-07-29 13:04:17.507 [info] > git rev-parse --show-toplevel [2ms]
2024-07-29 13:04:17.507 [info] fatal: not a git repository (or any parent up to mount point /)
Stopping at filesystem boundary (GIT_DISCOVERY_ACROSS_FILESYSTEM not set).
2024-07-29 13:04:26.845 [info] > git rev-parse --show-toplevel [2ms]
2024-07-29 13:04:26.845 [info] fatal: not a git repository (or any parent up to mount point /)
Stopping at filesystem boundary (GIT_DISCOVERY_ACROSS_FILESYSTEM not set).
2024-07-29 13:05:17.176 [info] > git rev-parse --show-toplevel [4ms]
2024-07-29 13:05:17.177 [info] fatal: not a git repository (or any parent up to mount point /)
Stopping at filesystem boundary (GIT_DISCOVERY_ACROSS_FILESYSTEM not set).
2024-07-29 13:05:18.020 [info] > git rev-parse --show-toplevel [3ms]
2024-07-29 13:05:18.020 [info] fatal: not a git repository (or any parent up to mount point /)
Stopping at filesystem boundary (GIT_DISCOVERY_ACROSS_FILESYSTEM not set).
2024-07-29 13:05:18.598 [info] > git rev-parse --show-toplevel [3ms]
2024-07-29 13:05:18.598 [info] fatal: not a git repository (or any parent up to mount point /)
Stopping at filesystem boundary (GIT_DISCOVERY_ACROSS_FILESYSTEM not set).
2024-07-29 13:05:53.233 [info] > git rev-parse --show-toplevel [2ms]
2024-07-29 13:05:53.233 [info] fatal: not a git repository (or any parent up to mount point /)
Stopping at filesystem boundary (GIT_DISCOVERY_ACROSS_FILESYSTEM not set).
2024-07-29 13:05:58.307 [info] > git rev-parse --show-toplevel [2ms]
2024-07-29 13:05:58.307 [info] fatal: not a git repository (or any parent up to mount point /)
Stopping at filesystem boundary (GIT_DISCOVERY_ACROSS_FILESYSTEM not set).
2024-07-29 13:06:00.493 [info] > git rev-parse --show-toplevel [1ms]
2024-07-29 13:06:00.493 [info] fatal: not a git repository (or any parent up to mount point /)
Stopping at filesystem boundary (GIT_DISCOVERY_ACROSS_FILESYSTEM not set).
2024-07-29 13:06:32.455 [info] > git rev-parse --show-toplevel [5ms]
2024-07-29 13:06:32.455 [info] fatal: not a git repository (or any parent up to mount point /)
Stopping at filesystem boundary (GIT_DISCOVERY_ACROSS_FILESYSTEM not set).
2024-07-29 13:07:05.627 [info] > git rev-parse --show-toplevel [4ms]
2024-07-29 13:07:05.627 [info] fatal: not a git repository (or any parent up to mount point /)
Stopping at filesystem boundary (GIT_DISCOVERY_ACROSS_FILESYSTEM not set).
2024-07-29 13:07:43.559 [info] > git rev-parse --show-toplevel [2ms]
2024-07-29 13:07:43.559 [info] fatal: not a git repository (or any parent up to mount point /)
Stopping at filesystem boundary (GIT_DISCOVERY_ACROSS_FILESYSTEM not set).
2024-07-29 13:07:51.528 [info] Log level: Info
2024-07-29 13:07:51.528 [info] Validating found git in: "git"
2024-07-29 13:07:51.528 [info] Using git "2.45.2" from "git"
2024-07-29 13:07:51.529 [info] > git rev-parse --show-toplevel [2ms]
2024-07-29 13:07:51.529 [info] fatal: not a git repository (or any parent up to mount point /)
Stopping at filesystem boundary (GIT_DISCOVERY_ACROSS_FILESYSTEM not set).
2024-07-29 13:07:51.540 [info] > git rev-parse --show-toplevel [5ms]
2024-07-29 13:07:51.541 [info] fatal: not a git repository (or any parent up to mount point /)
Stopping at filesystem boundary (GIT_DISCOVERY_ACROSS_FILESYSTEM not set).
2024-07-29 13:07:51.603 [info] > git rev-parse --show-toplevel [34ms]
2024-07-29 13:07:51.603 [info] fatal: not a git repository (or any parent up to mount point /)
Stopping at filesystem boundary (GIT_DISCOVERY_ACROSS_FILESYSTEM not set).
2024-07-29 13:07:51.616 [info] > git rev-parse --show-toplevel [3ms]
2024-07-29 13:07:51.616 [info] fatal: not a git repository (or any parent up to mount point /)
Stopping at filesystem boundary (GIT_DISCOVERY_ACROSS_FILESYSTEM not set).
2024-07-29 13:07:51.628 [info] > git rev-parse --show-toplevel [5ms]
2024-07-29 13:07:51.628 [info] fatal: not a git repository (or any parent up to mount point /)
Stopping at filesystem boundary (GIT_DISCOVERY_ACROSS_FILESYSTEM not set).
2024-07-29 13:07:58.008 [info] > git rev-parse --show-toplevel [6ms]
2024-07-29 13:07:58.008 [info] fatal: not a git repository (or any parent up to mount point /)
Stopping at filesystem boundary (GIT_DISCOVERY_ACROSS_FILESYSTEM not set).
2024-07-29 13:08:06.281 [info] > git rev-parse --show-toplevel [4ms]
2024-07-29 13:08:06.281 [info] fatal: not a git repository (or any parent up to mount point /)
Stopping at filesystem boundary (GIT_DISCOVERY_ACROSS_FILESYSTEM not set).
2024-07-29 13:08:45.963 [info] Log level: Info
2024-07-29 13:08:45.963 [info] Validating found git in: "git"
2024-07-29 13:08:45.963 [info] Using git "2.45.2" from "git"
2024-07-29 13:08:45.963 [info] > git rev-parse --show-toplevel [6ms]
2024-07-29 13:08:45.963 [info] fatal: not a git repository (or any parent up to mount point /)
Stopping at filesystem boundary (GIT_DISCOVERY_ACROSS_FILESYSTEM not set).
2024-07-29 13:08:46.004 [info] > git rev-parse --show-toplevel [35ms]
2024-07-29 13:08:46.004 [info] fatal: not a git repository (or any parent up to mount point /)
Stopping at filesystem boundary (GIT_DISCOVERY_ACROSS_FILESYSTEM not set).
2024-07-29 13:08:46.042 [info] > git rev-parse --show-toplevel [8ms]
2024-07-29 13:08:46.042 [info] fatal: not a git repository (or any parent up to mount point /)
Stopping at filesystem boundary (GIT_DISCOVERY_ACROSS_FILESYSTEM not set).
2024-07-29 13:08:46.050 [info] > git rev-parse --show-toplevel [1ms]
2024-07-29 13:08:46.050 [info] fatal: not a git repository (or any parent up to mount point /)
Stopping at filesystem boundary (GIT_DISCOVERY_ACROSS_FILESYSTEM not set).
2024-07-29 13:08:46.058 [info] > git rev-parse --show-toplevel [1ms]
2024-07-29 13:08:46.058 [info] fatal: not a git repository (or any parent up to mount point /)
Stopping at filesystem boundary (GIT_DISCOVERY_ACROSS_FILESYSTEM not set).
2024-07-29 13:09:08.474 [info] > git rev-parse --show-toplevel [4ms]
2024-07-29 13:09:08.474 [info] fatal: not a git repository (or any parent up to mount point /)
Stopping at filesystem boundary (GIT_DISCOVERY_ACROSS_FILESYSTEM not set).
2024-07-29 13:09:09.308 [info] > git rev-parse --show-toplevel [2ms]
2024-07-29 13:09:09.309 [info] fatal: not a git repository (or any parent up to mount point /)
Stopping at filesystem boundary (GIT_DISCOVERY_ACROSS_FILESYSTEM not set).
2024-07-29 13:09:10.041 [info] > git rev-parse --show-toplevel [3ms]
2024-07-29 13:09:10.041 [info] fatal: not a git repository (or any parent up to mount point /)
Stopping at filesystem boundary (GIT_DISCOVERY_ACROSS_FILESYSTEM not set).
2024-07-29 13:09:11.808 [info] > git rev-parse --show-toplevel [2ms]
2024-07-29 13:09:11.809 [info] fatal: not a git repository (or any parent up to mount point /)
Stopping at filesystem boundary (GIT_DISCOVERY_ACROSS_FILESYSTEM not set).
2024-07-29 15:54:44.880 [info] > git rev-parse --show-toplevel [5ms]
2024-07-29 15:54:44.880 [info] fatal: not a git repository (or any parent up to mount point /)
Stopping at filesystem boundary (GIT_DISCOVERY_ACROSS_FILESYSTEM not set).
2024-07-29 15:54:45.527 [info] > git rev-parse --show-toplevel [5ms]
2024-07-29 15:54:45.527 [info] fatal: not a git repository (or any parent up to mount point /)
Stopping at filesystem boundary (GIT_DISCOVERY_ACROSS_FILESYSTEM not set).
2024-07-29 16:13:09.022 [info] > git rev-parse --show-toplevel [4ms]
2024-07-29 16:13:09.022 [info] fatal: not a git repository (or any parent up to mount point /)
Stopping at filesystem boundary (GIT_DISCOVERY_ACROSS_FILESYSTEM not set).
2024-07-29 16:13:10.061 [info] > git rev-parse --show-toplevel [3ms]
2024-07-29 16:13:10.061 [info] fatal: not a git repository (or any parent up to mount point /)
Stopping at filesystem boundary (GIT_DISCOVERY_ACROSS_FILESYSTEM not set).
2024-07-29 16:13:19.157 [info] > git rev-parse --show-toplevel [5ms]
2024-07-29 16:13:19.158 [info] fatal: not a git repository (or any parent up to mount point /)
Stopping at filesystem boundary (GIT_DISCOVERY_ACROSS_FILESYSTEM not set).
2024-07-29 16:13:19.985 [info] > git rev-parse --show-toplevel [6ms]
2024-07-29 16:13:19.985 [info] fatal: not a git repository (or any parent up to mount point /)
Stopping at filesystem boundary (GIT_DISCOVERY_ACROSS_FILESYSTEM not set).
2024-07-29 16:15:35.914 [info] > git rev-parse --show-toplevel [4ms]
2024-07-29 16:15:35.914 [info] fatal: not a git repository (or any parent up to mount point /)
Stopping at filesystem boundary (GIT_DISCOVERY_ACROSS_FILESYSTEM not set).
2024-07-29 16:15:38.354 [info] > git rev-parse --show-toplevel [4ms]
2024-07-29 16:15:38.354 [info] fatal: not a git repository (or any parent up to mount point /)
Stopping at filesystem boundary (GIT_DISCOVERY_ACROSS_FILESYSTEM not set).
2024-07-29 16:54:59.279 [info] > git rev-parse --show-toplevel [4ms]
2024-07-29 16:54:59.279 [info] fatal: not a git repository (or any parent up to mount point /)
Stopping at filesystem boundary (GIT_DISCOVERY_ACROSS_FILESYSTEM not set).
2024-07-29 16:55:00.024 [info] > git rev-parse --show-toplevel [5ms]
2024-07-29 16:55:00.024 [info] fatal: not a git repository (or any parent up to mount point /)
Stopping at filesystem boundary (GIT_DISCOVERY_ACROSS_FILESYSTEM not set).
2024-07-29 19:40:29.762 [info] > git rev-parse --show-toplevel [3ms]
2024-07-29 19:40:29.762 [info] fatal: not a git repository (or any parent up to mount point /)
Stopping at filesystem boundary (GIT_DISCOVERY_ACROSS_FILESYSTEM not set).
2024-07-29 19:40:30.330 [info] > git rev-parse --show-toplevel [3ms]
2024-07-29 19:40:30.330 [info] fatal: not a git repository (or any parent up to mount point /)
Stopping at filesystem boundary (GIT_DISCOVERY_ACROSS_FILESYSTEM not set).
2024-07-29 19:40:31.359 [info] > git rev-parse --show-toplevel [5ms]
2024-07-29 19:40:31.359 [info] fatal: not a git repository (or any parent up to mount point /)
Stopping at filesystem boundary (GIT_DISCOVERY_ACROSS_FILESYSTEM not set).
